[INFO ][15:45:30,750][http-nio-8887-exec-1][ ][cn.sunline.adp.cedar.server.online.server.OnlineAccessServiceFacade:226][Service [/getUserInfo] processing time [96807]ms]
[INFO ][15:46:47,845][http-nio-8887-exec-3][ ][cn.sunline.adp.cedar.server.online.server.OnlineAccessServiceFacade:226][Service [/getUserInfo] processing time [54555]ms]
[INFO ][15:51:54,767][http-nio-8887-exec-1][ ][cn.sunline.adp.cedar.server.online.server.OnlineAccessServiceFacade:226][Service [/getUserInfo] processing time [71283]ms]
[INFO ][15:57:58,478][http-nio-8887-exec-2][ ][cn.sunline.adp.cedar.server.online.server.OnlineAccessServiceFacade:226][Service [/getUserInfo] processing time [333422]ms]
[INFO ][16:00:06,718][http-nio-8887-exec-3][ ][cn.sunline.adp.cedar.server.online.server.OnlineAccessServiceFacade:226][Service [/getUserInfo] processing time [125571]ms]
[INFO ][16:01:25,660][http-nio-8887-exec-4][ ][cn.sunline.adp.cedar.server.online.server.OnlineAccessServiceFacade:226][Service [/getUserInfo] processing time [75912]ms]
[INFO ][16:05:24,874][http-nio-8887-exec-5][ ][cn.sunline.adp.cedar.server.online.server.OnlineAccessServiceFacade:226][Service [/getUserInfo] processing time [235029]ms]
[INFO ][16:07:36,361][http-nio-8887-exec-6][ ][cn.sunline.adp.cedar.server.online.server.OnlineAccessServiceFacade:226][Service [/getUserInfo] processing time [128686]ms]
[INFO ][16:13:24,559][http-nio-8887-exec-7][ ][cn.sunline.adp.cedar.server.online.server.OnlineAccessServiceFacade:226][Service [/getUserInfo] processing time [309427]ms]
[INFO ][16:15:41,723][http-nio-8887-exec-8][ ][cn.sunline.adp.cedar.server.online.server.OnlineAccessServiceFacade:226][Service [/getUserInfo] processing time [131929]ms]
[INFO ][16:16:54,877][http-nio-8887-exec-9][ ][cn.sunline.adp.cedar.server.online.server.OnlineAccessServiceFacade:226][Service [/getUserInfo] processing time [40562]ms]
[INFO ][16:20:30,219][http-nio-8887-exec-10][ ][cn.sunline.adp.cedar.server.online.server.OnlineAccessServiceFacade:226][Service [/getUserInfo] processing time [36516]ms]
[INFO ][16:25:10,896][http-nio-8887-exec-1][ ][cn.sunline.adp.cedar.server.online.server.OnlineAccessServiceFacade:226][Service [/getUserInfo] processing time [274488]ms]
[INFO ][16:26:38,337][http-nio-8887-exec-2][ ][cn.sunline.adp.cedar.server.online.server.OnlineAccessServiceFacade:226][Service [/getUserInfo] processing time [84531]ms]
[INFO ][16:27:54,674][http-nio-8887-exec-2][ ][cn.sunline.adp.cedar.server.online.server.OnlineAccessServiceFacade:226][Service [/getUserInfo] processing time [53036]ms]
[INFO ][16:29:07,501][http-nio-8887-exec-4][ ][cn.sunline.adp.cedar.server.online.server.OnlineAccessServiceFacade:226][Service [/getUserInfo] processing time [31866]ms]
[INFO ][16:29:37,585][http-nio-8887-exec-5][ ][cn.sunline.adp.cedar.server.online.server.OnlineAccessServiceFacade:226][Service [/getUserInfo] processing time [27309]ms]
[INFO ][16:32:26,318][http-nio-8887-exec-1][ ][cn.sunline.adp.cedar.server.online.server.OnlineAccessServiceFacade:226][Service [/getUserInfo] processing time [42902]ms]
[INFO ][16:32:59,688][http-nio-8887-exec-3][ ][cn.sunline.adp.cedar.server.online.server.OnlineAccessServiceFacade:226][Service [/getUserInfo] processing time [30111]ms]
[ERROR][16:34:06,807][http-nio-8887-exec-9][ ][cn.sunline.adp.cedar.server.online.server.OnlineAccessServiceFacade:212][Service execution exception: [[AccessError.E001]Access to the [/hello/getUserInfo] service is not provided]]
cn.sunline.adp.core.exception.AdpBusinessException: [AccessError.E001]Access to the [/hello/getUserInfo] service is not provided
	at cn.sunline.adp.cedar.server.online.errors.OnlineServerErrorDefine$AccessError.E001(OnlineServerErrorDefine.java:45) ~[adp-cedar-server-online-4.3.11-RELEASE.jar:4.3.11-RELEASE]
	at cn.sunline.adp.cedar.server.online.server.OnlineAccessServiceFacade.execute(OnlineAccessServiceFacade.java:131) ~[adp-cedar-server-online-4.3.11-RELEASE.jar:4.3.11-RELEASE]
	at cn.sunline.adp.cedar.protocol.rest.access.handler.RestServiceExecutor.execute(RestServiceExecutor.java:35) ~[adp-transport-rest-4.3.11-RELEASE.jar:4.3.11-RELEASE]
	at cn.sunline.adp.cedar.protocol.rest.util.RestUtils.execute(RestUtils.java:24) ~[adp-transport-rest-4.3.11-RELEASE.jar:4.3.11-RELEASE]
	at cn.sunline.edsp.busi.servicetype.helloController.getUserInfo(helloController.java:22) ~[classes/:?]
	at sun.reflect.NativeMethodAccessorImpl.invoke0(Native Method) ~[?:1.8.0_161]
	at sun.reflect.NativeMethodAccessorImpl.invoke(NativeMethodAccessorImpl.java:62) ~[?:1.8.0_161]
	at sun.reflect.DelegatingMethodAccessorImpl.invoke(DelegatingMethodAccessorImpl.java:43) ~[?:1.8.0_161]
	at java.lang.reflect.Method.invoke(Method.java:498) ~[?:1.8.0_161]
	at org.springframework.web.method.support.InvocableHandlerMethod.doInvoke(InvocableHandlerMethod.java:190) ~[spring-web-5.1.18.RELEASE.jar:5.1.18.RELEASE]
	at org.springframework.web.method.support.InvocableHandlerMethod.invokeForRequest(InvocableHandlerMethod.java:138) ~[spring-web-5.1.18.RELEASE.jar:5.1.18.RELEASE]
	at org.springframework.web.servlet.mvc.method.annotation.ServletInvocableHandlerMethod.invokeAndHandle(ServletInvocableHandlerMethod.java:105) ~[spring-webmvc-5.1.18.RELEASE.jar:5.1.18.RELEASE]
	at org.springframework.web.servlet.mvc.method.annotation.RequestMappingHandlerAdapter.invokeHandlerMethod(RequestMappingHandlerAdapter.java:892) ~[spring-webmvc-5.1.18.RELEASE.jar:5.1.18.RELEASE]
	at org.springframework.web.servlet.mvc.method.annotation.RequestMappingHandlerAdapter.handleInternal(RequestMappingHandlerAdapter.java:797) ~[spring-webmvc-5.1.18.RELEASE.jar:5.1.18.RELEASE]
	at org.springframework.web.servlet.mvc.method.AbstractHandlerMethodAdapter.handle(AbstractHandlerMethodAdapter.java:87) ~[spring-webmvc-5.1.18.RELEASE.jar:5.1.18.RELEASE]
	at org.springframework.web.servlet.DispatcherServlet.doDispatch(DispatcherServlet.java:1040) ~[spring-webmvc-5.1.18.RELEASE.jar:5.1.18.RELEASE]
	at org.springframework.web.servlet.DispatcherServlet.doService(DispatcherServlet.java:943) ~[spring-webmvc-5.1.18.RELEASE.jar:5.1.18.RELEASE]
	at org.springframework.web.servlet.FrameworkServlet.processRequest(FrameworkServlet.java:1006) ~[spring-webmvc-5.1.18.RELEASE.jar:5.1.18.RELEASE]
	at org.springframework.web.servlet.FrameworkServlet.doPost(FrameworkServlet.java:909) ~[spring-webmvc-5.1.18.RELEASE.jar:5.1.18.RELEASE]
	at javax.servlet.http.HttpServlet.service(HttpServlet.java:652) ~[tomcat-embed-core-9.0.38.jar:4.0.FR]
	at org.springframework.web.servlet.FrameworkServlet.service(FrameworkServlet.java:883) ~[spring-webmvc-5.1.18.RELEASE.jar:5.1.18.RELEASE]
	at javax.servlet.http.HttpServlet.service(HttpServlet.java:733) ~[tomcat-embed-core-9.0.38.jar:4.0.FR]
	at org.apache.catalina.core.ApplicationFilterChain.internalDoFilter(ApplicationFilterChain.java:231) ~[tomcat-embed-core-9.0.38.jar:9.0.38]
	at org.apache.catalina.core.ApplicationFilterChain.doFilter(ApplicationFilterChain.java:166) ~[tomcat-embed-core-9.0.38.jar:9.0.38]
	at org.apache.tomcat.websocket.server.WsFilter.doFilter(WsFilter.java:53) ~[tomcat-embed-websocket-9.0.38.jar:9.0.38]
	at org.apache.catalina.core.ApplicationFilterChain.internalDoFilter(ApplicationFilterChain.java:193) ~[tomcat-embed-core-9.0.38.jar:9.0.38]
	at org.apache.catalina.core.ApplicationFilterChain.doFilter(ApplicationFilterChain.java:166) ~[tomcat-embed-core-9.0.38.jar:9.0.38]
	at org.springframework.boot.actuate.web.trace.servlet.HttpTraceFilter.doFilterInternal(HttpTraceFilter.java:88) ~[spring-boot-actuator-2.1.17.RELEASE.jar:2.1.17.RELEASE]
	at org.springframework.web.filter.OncePerRequestFilter.doFilter(OncePerRequestFilter.java:119) ~[spring-web-5.1.18.RELEASE.jar:5.1.18.RELEASE]
	at org.apache.catalina.core.ApplicationFilterChain.internalDoFilter(ApplicationFilterChain.java:193) ~[tomcat-embed-core-9.0.38.jar:9.0.38]
	at org.apache.catalina.core.ApplicationFilterChain.doFilter(ApplicationFilterChain.java:166) ~[tomcat-embed-core-9.0.38.jar:9.0.38]
	at org.springframework.web.filter.RequestContextFilter.doFilterInternal(RequestContextFilter.java:100) ~[spring-web-5.1.18.RELEASE.jar:5.1.18.RELEASE]
	at org.springframework.web.filter.OncePerRequestFilter.doFilter(OncePerRequestFilter.java:119) ~[spring-web-5.1.18.RELEASE.jar:5.1.18.RELEASE]
	at org.apache.catalina.core.ApplicationFilterChain.internalDoFilter(ApplicationFilterChain.java:193) ~[tomcat-embed-core-9.0.38.jar:9.0.38]
	at org.apache.catalina.core.ApplicationFilterChain.doFilter(ApplicationFilterChain.java:166) ~[tomcat-embed-core-9.0.38.jar:9.0.38]
	at org.springframework.web.filter.FormContentFilter.doFilterInternal(FormContentFilter.java:93) ~[spring-web-5.1.18.RELEASE.jar:5.1.18.RELEASE]
	at org.springframework.web.filter.OncePerRequestFilter.doFilter(OncePerRequestFilter.java:119) ~[spring-web-5.1.18.RELEASE.jar:5.1.18.RELEASE]
	at org.apache.catalina.core.ApplicationFilterChain.internalDoFilter(ApplicationFilterChain.java:193) ~[tomcat-embed-core-9.0.38.jar:9.0.38]
	at org.apache.catalina.core.ApplicationFilterChain.doFilter(ApplicationFilterChain.java:166) ~[tomcat-embed-core-9.0.38.jar:9.0.38]
	at org.springframework.web.filter.HiddenHttpMethodFilter.doFilterInternal(HiddenHttpMethodFilter.java:94) ~[spring-web-5.1.18.RELEASE.jar:5.1.18.RELEASE]
	at org.springframework.web.filter.OncePerRequestFilter.doFilter(OncePerRequestFilter.java:119) ~[spring-web-5.1.18.RELEASE.jar:5.1.18.RELEASE]
	at org.apache.catalina.core.ApplicationFilterChain.internalDoFilter(ApplicationFilterChain.java:193) ~[tomcat-embed-core-9.0.38.jar:9.0.38]
	at org.apache.catalina.core.ApplicationFilterChain.doFilter(ApplicationFilterChain.java:166) ~[tomcat-embed-core-9.0.38.jar:9.0.38]
	at org.springframework.boot.actuate.metrics.web.servlet.WebMvcMetricsFilter.filterAndRecordMetrics(WebMvcMetricsFilter.java:114) ~[spring-boot-actuator-2.1.17.RELEASE.jar:2.1.17.RELEASE]
	at org.springframework.boot.actuate.metrics.web.servlet.WebMvcMetricsFilter.doFilterInternal(WebMvcMetricsFilter.java:104) ~[spring-boot-actuator-2.1.17.RELEASE.jar:2.1.17.RELEASE]
	at org.springframework.web.filter.OncePerRequestFilter.doFilter(OncePerRequestFilter.java:119) ~[spring-web-5.1.18.RELEASE.jar:5.1.18.RELEASE]
	at org.apache.catalina.core.ApplicationFilterChain.internalDoFilter(ApplicationFilterChain.java:193) ~[tomcat-embed-core-9.0.38.jar:9.0.38]
	at org.apache.catalina.core.ApplicationFilterChain.doFilter(ApplicationFilterChain.java:166) ~[tomcat-embed-core-9.0.38.jar:9.0.38]
	at org.springframework.web.filter.CharacterEncodingFilter.doFilterInternal(CharacterEncodingFilter.java:201) ~[spring-web-5.1.18.RELEASE.jar:5.1.18.RELEASE]
	at org.springframework.web.filter.OncePerRequestFilter.doFilter(OncePerRequestFilter.java:119) ~[spring-web-5.1.18.RELEASE.jar:5.1.18.RELEASE]
	at org.apache.catalina.core.ApplicationFilterChain.internalDoFilter(ApplicationFilterChain.java:193) ~[tomcat-embed-core-9.0.38.jar:9.0.38]
	at org.apache.catalina.core.ApplicationFilterChain.doFilter(ApplicationFilterChain.java:166) ~[tomcat-embed-core-9.0.38.jar:9.0.38]
	at org.apache.catalina.core.StandardWrapperValve.invoke(StandardWrapperValve.java:202) ~[tomcat-embed-core-9.0.38.jar:9.0.38]
	at org.apache.catalina.core.StandardContextValve.invoke(StandardContextValve.java:97) ~[tomcat-embed-core-9.0.38.jar:9.0.38]
	at org.apache.catalina.authenticator.AuthenticatorBase.invoke(AuthenticatorBase.java:541) ~[tomcat-embed-core-9.0.38.jar:9.0.38]
	at org.apache.catalina.core.StandardHostValve.invoke(StandardHostValve.java:143) ~[tomcat-embed-core-9.0.38.jar:9.0.38]
	at org.apache.catalina.valves.ErrorReportValve.invoke(ErrorReportValve.java:92) ~[tomcat-embed-core-9.0.38.jar:9.0.38]
	at org.apache.catalina.core.StandardEngineValve.invoke(StandardEngineValve.java:78) ~[tomcat-embed-core-9.0.38.jar:9.0.38]
	at org.apache.catalina.connector.CoyoteAdapter.service(CoyoteAdapter.java:343) ~[tomcat-embed-core-9.0.38.jar:9.0.38]
	at org.apache.coyote.http11.Http11Processor.service(Http11Processor.java:374) ~[tomcat-embed-core-9.0.38.jar:9.0.38]
	at org.apache.coyote.AbstractProcessorLight.process(AbstractProcessorLight.java:65) ~[tomcat-embed-core-9.0.38.jar:9.0.38]
	at org.apache.coyote.AbstractProtocol$ConnectionHandler.process(AbstractProtocol.java:868) ~[tomcat-embed-core-9.0.38.jar:9.0.38]
	at org.apache.tomcat.util.net.NioEndpoint$SocketProcessor.doRun(NioEndpoint.java:1590) ~[tomcat-embed-core-9.0.38.jar:9.0.38]
	at org.apache.tomcat.util.net.SocketProcessorBase.run(SocketProcessorBase.java:49) ~[tomcat-embed-core-9.0.38.jar:9.0.38]
	at java.util.concurrent.ThreadPoolExecutor.runWorker(ThreadPoolExecutor.java:1149) ~[?:1.8.0_161]
	at java.util.concurrent.ThreadPoolExecutor$Worker.run(ThreadPoolExecutor.java:624) ~[?:1.8.0_161]
	at org.apache.tomcat.util.threads.TaskThread$WrappingRunnable.run(TaskThread.java:61) ~[tomcat-embed-core-9.0.38.jar:9.0.38]
	at java.lang.Thread.run(Thread.java:748) [?:1.8.0_161]
[INFO ][16:34:06,811][http-nio-8887-exec-9][ ][cn.sunline.adp.cedar.server.online.server.OnlineAccessServiceFacade:226][Service [null] processing time [7]ms]
[INFO ][16:34:06,868][http-nio-8887-exec-10][ ][cn.sunline.adp.cedar.server.online.server.OnlineAccessServiceFacade:226][Service [/getUserInfo] processing time [1380]ms]
[ERROR][16:34:36,071][http-nio-8887-exec-5][ ][cn.sunline.adp.cedar.server.online.server.OnlineAccessServiceFacade:212][Service execution exception: [[AccessError.E001]Access to the [/hello/getUserInfo] service is not provided]]
cn.sunline.adp.core.exception.AdpBusinessException: [AccessError.E001]Access to the [/hello/getUserInfo] service is not provided
	at cn.sunline.adp.cedar.server.online.errors.OnlineServerErrorDefine$AccessError.E001(OnlineServerErrorDefine.java:45) ~[adp-cedar-server-online-4.3.11-RELEASE.jar:4.3.11-RELEASE]
	at cn.sunline.adp.cedar.server.online.server.OnlineAccessServiceFacade.execute(OnlineAccessServiceFacade.java:131) ~[adp-cedar-server-online-4.3.11-RELEASE.jar:4.3.11-RELEASE]
	at cn.sunline.adp.cedar.protocol.rest.access.handler.RestServiceExecutor.execute(RestServiceExecutor.java:35) ~[adp-transport-rest-4.3.11-RELEASE.jar:4.3.11-RELEASE]
	at cn.sunline.adp.cedar.protocol.rest.util.RestUtils.execute(RestUtils.java:24) ~[adp-transport-rest-4.3.11-RELEASE.jar:4.3.11-RELEASE]
	at cn.sunline.edsp.busi.servicetype.helloController.getUserInfo(helloController.java:22) ~[classes/:?]
	at sun.reflect.NativeMethodAccessorImpl.invoke0(Native Method) ~[?:1.8.0_161]
	at sun.reflect.NativeMethodAccessorImpl.invoke(NativeMethodAccessorImpl.java:62) ~[?:1.8.0_161]
	at sun.reflect.DelegatingMethodAccessorImpl.invoke(DelegatingMethodAccessorImpl.java:43) ~[?:1.8.0_161]
	at java.lang.reflect.Method.invoke(Method.java:498) ~[?:1.8.0_161]
	at org.springframework.web.method.support.InvocableHandlerMethod.doInvoke(InvocableHandlerMethod.java:190) ~[spring-web-5.1.18.RELEASE.jar:5.1.18.RELEASE]
	at org.springframework.web.method.support.InvocableHandlerMethod.invokeForRequest(InvocableHandlerMethod.java:138) ~[spring-web-5.1.18.RELEASE.jar:5.1.18.RELEASE]
	at org.springframework.web.servlet.mvc.method.annotation.ServletInvocableHandlerMethod.invokeAndHandle(ServletInvocableHandlerMethod.java:105) ~[spring-webmvc-5.1.18.RELEASE.jar:5.1.18.RELEASE]
	at org.springframework.web.servlet.mvc.method.annotation.RequestMappingHandlerAdapter.invokeHandlerMethod(RequestMappingHandlerAdapter.java:892) ~[spring-webmvc-5.1.18.RELEASE.jar:5.1.18.RELEASE]
	at org.springframework.web.servlet.mvc.method.annotation.RequestMappingHandlerAdapter.handleInternal(RequestMappingHandlerAdapter.java:797) ~[spring-webmvc-5.1.18.RELEASE.jar:5.1.18.RELEASE]
	at org.springframework.web.servlet.mvc.method.AbstractHandlerMethodAdapter.handle(AbstractHandlerMethodAdapter.java:87) ~[spring-webmvc-5.1.18.RELEASE.jar:5.1.18.RELEASE]
	at org.springframework.web.servlet.DispatcherServlet.doDispatch(DispatcherServlet.java:1040) ~[spring-webmvc-5.1.18.RELEASE.jar:5.1.18.RELEASE]
	at org.springframework.web.servlet.DispatcherServlet.doService(DispatcherServlet.java:943) ~[spring-webmvc-5.1.18.RELEASE.jar:5.1.18.RELEASE]
	at org.springframework.web.servlet.FrameworkServlet.processRequest(FrameworkServlet.java:1006) ~[spring-webmvc-5.1.18.RELEASE.jar:5.1.18.RELEASE]
	at org.springframework.web.servlet.FrameworkServlet.doPost(FrameworkServlet.java:909) ~[spring-webmvc-5.1.18.RELEASE.jar:5.1.18.RELEASE]
	at javax.servlet.http.HttpServlet.service(HttpServlet.java:652) ~[tomcat-embed-core-9.0.38.jar:4.0.FR]
	at org.springframework.web.servlet.FrameworkServlet.service(FrameworkServlet.java:883) ~[spring-webmvc-5.1.18.RELEASE.jar:5.1.18.RELEASE]
	at javax.servlet.http.HttpServlet.service(HttpServlet.java:733) ~[tomcat-embed-core-9.0.38.jar:4.0.FR]
	at org.apache.catalina.core.ApplicationFilterChain.internalDoFilter(ApplicationFilterChain.java:231) ~[tomcat-embed-core-9.0.38.jar:9.0.38]
	at org.apache.catalina.core.ApplicationFilterChain.doFilter(ApplicationFilterChain.java:166) ~[tomcat-embed-core-9.0.38.jar:9.0.38]
	at org.apache.tomcat.websocket.server.WsFilter.doFilter(WsFilter.java:53) ~[tomcat-embed-websocket-9.0.38.jar:9.0.38]
	at org.apache.catalina.core.ApplicationFilterChain.internalDoFilter(ApplicationFilterChain.java:193) ~[tomcat-embed-core-9.0.38.jar:9.0.38]
	at org.apache.catalina.core.ApplicationFilterChain.doFilter(ApplicationFilterChain.java:166) ~[tomcat-embed-core-9.0.38.jar:9.0.38]
	at org.springframework.boot.actuate.web.trace.servlet.HttpTraceFilter.doFilterInternal(HttpTraceFilter.java:88) ~[spring-boot-actuator-2.1.17.RELEASE.jar:2.1.17.RELEASE]
	at org.springframework.web.filter.OncePerRequestFilter.doFilter(OncePerRequestFilter.java:119) ~[spring-web-5.1.18.RELEASE.jar:5.1.18.RELEASE]
	at org.apache.catalina.core.ApplicationFilterChain.internalDoFilter(ApplicationFilterChain.java:193) ~[tomcat-embed-core-9.0.38.jar:9.0.38]
	at org.apache.catalina.core.ApplicationFilterChain.doFilter(ApplicationFilterChain.java:166) ~[tomcat-embed-core-9.0.38.jar:9.0.38]
	at org.springframework.web.filter.RequestContextFilter.doFilterInternal(RequestContextFilter.java:100) ~[spring-web-5.1.18.RELEASE.jar:5.1.18.RELEASE]
	at org.springframework.web.filter.OncePerRequestFilter.doFilter(OncePerRequestFilter.java:119) ~[spring-web-5.1.18.RELEASE.jar:5.1.18.RELEASE]
	at org.apache.catalina.core.ApplicationFilterChain.internalDoFilter(ApplicationFilterChain.java:193) ~[tomcat-embed-core-9.0.38.jar:9.0.38]
	at org.apache.catalina.core.ApplicationFilterChain.doFilter(ApplicationFilterChain.java:166) ~[tomcat-embed-core-9.0.38.jar:9.0.38]
	at org.springframework.web.filter.FormContentFilter.doFilterInternal(FormContentFilter.java:93) ~[spring-web-5.1.18.RELEASE.jar:5.1.18.RELEASE]
	at org.springframework.web.filter.OncePerRequestFilter.doFilter(OncePerRequestFilter.java:119) ~[spring-web-5.1.18.RELEASE.jar:5.1.18.RELEASE]
	at org.apache.catalina.core.ApplicationFilterChain.internalDoFilter(ApplicationFilterChain.java:193) ~[tomcat-embed-core-9.0.38.jar:9.0.38]
	at org.apache.catalina.core.ApplicationFilterChain.doFilter(ApplicationFilterChain.java:166) ~[tomcat-embed-core-9.0.38.jar:9.0.38]
	at org.springframework.web.filter.HiddenHttpMethodFilter.doFilterInternal(HiddenHttpMethodFilter.java:94) ~[spring-web-5.1.18.RELEASE.jar:5.1.18.RELEASE]
	at org.springframework.web.filter.OncePerRequestFilter.doFilter(OncePerRequestFilter.java:119) ~[spring-web-5.1.18.RELEASE.jar:5.1.18.RELEASE]
	at org.apache.catalina.core.ApplicationFilterChain.internalDoFilter(ApplicationFilterChain.java:193) ~[tomcat-embed-core-9.0.38.jar:9.0.38]
	at org.apache.catalina.core.ApplicationFilterChain.doFilter(ApplicationFilterChain.java:166) ~[tomcat-embed-core-9.0.38.jar:9.0.38]
	at org.springframework.boot.actuate.metrics.web.servlet.WebMvcMetricsFilter.filterAndRecordMetrics(WebMvcMetricsFilter.java:114) ~[spring-boot-actuator-2.1.17.RELEASE.jar:2.1.17.RELEASE]
	at org.springframework.boot.actuate.metrics.web.servlet.WebMvcMetricsFilter.doFilterInternal(WebMvcMetricsFilter.java:104) ~[spring-boot-actuator-2.1.17.RELEASE.jar:2.1.17.RELEASE]
	at org.springframework.web.filter.OncePerRequestFilter.doFilter(OncePerRequestFilter.java:119) ~[spring-web-5.1.18.RELEASE.jar:5.1.18.RELEASE]
	at org.apache.catalina.core.ApplicationFilterChain.internalDoFilter(ApplicationFilterChain.java:193) ~[tomcat-embed-core-9.0.38.jar:9.0.38]
	at org.apache.catalina.core.ApplicationFilterChain.doFilter(ApplicationFilterChain.java:166) ~[tomcat-embed-core-9.0.38.jar:9.0.38]
	at org.springframework.web.filter.CharacterEncodingFilter.doFilterInternal(CharacterEncodingFilter.java:201) ~[spring-web-5.1.18.RELEASE.jar:5.1.18.RELEASE]
	at org.springframework.web.filter.OncePerRequestFilter.doFilter(OncePerRequestFilter.java:119) ~[spring-web-5.1.18.RELEASE.jar:5.1.18.RELEASE]
	at org.apache.catalina.core.ApplicationFilterChain.internalDoFilter(ApplicationFilterChain.java:193) ~[tomcat-embed-core-9.0.38.jar:9.0.38]
	at org.apache.catalina.core.ApplicationFilterChain.doFilter(ApplicationFilterChain.java:166) ~[tomcat-embed-core-9.0.38.jar:9.0.38]
	at org.apache.catalina.core.StandardWrapperValve.invoke(StandardWrapperValve.java:202) ~[tomcat-embed-core-9.0.38.jar:9.0.38]
	at org.apache.catalina.core.StandardContextValve.invoke(StandardContextValve.java:97) ~[tomcat-embed-core-9.0.38.jar:9.0.38]
	at org.apache.catalina.authenticator.AuthenticatorBase.invoke(AuthenticatorBase.java:541) ~[tomcat-embed-core-9.0.38.jar:9.0.38]
	at org.apache.catalina.core.StandardHostValve.invoke(StandardHostValve.java:143) ~[tomcat-embed-core-9.0.38.jar:9.0.38]
	at org.apache.catalina.valves.ErrorReportValve.invoke(ErrorReportValve.java:92) ~[tomcat-embed-core-9.0.38.jar:9.0.38]
	at org.apache.catalina.core.StandardEngineValve.invoke(StandardEngineValve.java:78) ~[tomcat-embed-core-9.0.38.jar:9.0.38]
	at org.apache.catalina.connector.CoyoteAdapter.service(CoyoteAdapter.java:343) ~[tomcat-embed-core-9.0.38.jar:9.0.38]
	at org.apache.coyote.http11.Http11Processor.service(Http11Processor.java:374) ~[tomcat-embed-core-9.0.38.jar:9.0.38]
	at org.apache.coyote.AbstractProcessorLight.process(AbstractProcessorLight.java:65) ~[tomcat-embed-core-9.0.38.jar:9.0.38]
	at org.apache.coyote.AbstractProtocol$ConnectionHandler.process(AbstractProtocol.java:868) ~[tomcat-embed-core-9.0.38.jar:9.0.38]
	at org.apache.tomcat.util.net.NioEndpoint$SocketProcessor.doRun(NioEndpoint.java:1590) ~[tomcat-embed-core-9.0.38.jar:9.0.38]
	at org.apache.tomcat.util.net.SocketProcessorBase.run(SocketProcessorBase.java:49) ~[tomcat-embed-core-9.0.38.jar:9.0.38]
	at java.util.concurrent.ThreadPoolExecutor.runWorker(ThreadPoolExecutor.java:1149) ~[?:1.8.0_161]
	at java.util.concurrent.ThreadPoolExecutor$Worker.run(ThreadPoolExecutor.java:624) ~[?:1.8.0_161]
	at org.apache.tomcat.util.threads.TaskThread$WrappingRunnable.run(TaskThread.java:61) ~[tomcat-embed-core-9.0.38.jar:9.0.38]
	at java.lang.Thread.run(Thread.java:748) [?:1.8.0_161]
[INFO ][16:34:36,071][http-nio-8887-exec-5][ ][cn.sunline.adp.cedar.server.online.server.OnlineAccessServiceFacade:226][Service [null] processing time [1]ms]
[INFO ][16:34:36,078][http-nio-8887-exec-6][ ][cn.sunline.adp.cedar.server.online.server.OnlineAccessServiceFacade:226][Service [/getUserInfo] processing time [113]ms]
