[WARN ][23:08:34,636][http-nio-8887-exec-2][ ][ ][ ][/getUserInfo][cn.sunline.adp.dao.datasource.conn.DefaultDBConnectionManager:415][The current connection has been executed beginTransaction, no need to repeat!]
[INFO ][23:08:34,636][http-nio-8887-exec-2][ ][ ][ ][/getUserInfo][cn.sunline.adp.core.reloader.ConfigReloaderFactory:133][The current thread starts to bind configuration parameters]
[INFO ][23:08:34,640][http-nio-8887-exec-2][ ][ ][ ][/getUserInfo][cn.sunline.adp.cedar.engine.online.handler.before.OETLogBeforeProcessHandler:44][
-------------------------transaction service[getUserInfo][null][19163512888222][19165312888222][] Start-------------------------]
[INFO ][23:08:34,641][http-nio-8887-exec-2][ ][ ][ ][/getUserInfo][cn.sunline.adp.cedar.engine.online.handler.before.OETLogBeforeProcessHandler:46][REQ[{output={}, input={name=hanxin, teleno=17867345555, certtype=P, certno=467192346449999, tranam=60000}, printer={}, comm_res={}, property={}, link_res={}, header={}, link_req={}, sys={servicecode=/getUserInfo, busiseqno=19163512888222, callseqno=19165312888222, profile={}}, comm_req={busi_seq=19163512888222, call_seq=19165312888222}}]]
[INFO ][23:08:34,797][http-nio-8887-exec-2][ ][ ][ ][/getUserInfo][cn.sunline.adp.cedar.flowtran.utils.FlowTranUtils$1:95][SERVICE[Begine][getUserInfo]]
[DAREA][23:08:34,804][http-nio-8887-exec-2][ ][ ][ ][/getUserInfo][cn.sunline.adp.cedar.flowtran.runtime.executor.FlowServiceNodeExecutor:73][[DA][FLOW][Input][Input{name=hanxin, prcsna=测试}]]
[DAREA][23:08:34,806][http-nio-8887-exec-2][ ][ ][ ][/getUserInfo][cn.sunline.adp.cedar.flowtran.runtime.executor.FlowServiceNodeExecutor:76][[DA][FLOW][Property][Property{name=hanxin, prcsna=测试}]]
[INFO ][23:08:35,381][http-nio-8887-exec-2][ ][ ][ ][/getUserInfo][com.netflix.config.ChainedDynamicProperty$ChainLink:115][Flipping property: edsp-gls-read-server.ribbon.ActiveConnectionsLimit to use NEXT property: niws.loadbalancer.availabilityFilteringRule.activeConnectionsLimit = 2147483647]
[INFO ][23:08:35,459][http-nio-8887-exec-2][ ][ ][ ][/getUserInfo][com.netflix.loadbalancer.BaseLoadBalancer:197][Client: edsp-gls-read-server instantiated a LoadBalancer: DynamicServerListLoadBalancer:{NFLoadBalancer:name=edsp-gls-read-server,current list of Servers=[],Load balancer stats=Zone stats: {},Server stats: []}ServerList:null]
[INFO ][23:08:35,474][http-nio-8887-exec-2][ ][ ][ ][/getUserInfo][com.netflix.loadbalancer.DynamicServerListLoadBalancer:222][Using serverListUpdater PollingServerListUpdater]
[INFO ][23:08:35,601][http-nio-8887-exec-2][ ][ ][ ][/getUserInfo][com.netflix.config.ChainedDynamicProperty$ChainLink:115][Flipping property: edsp-gls-read-server.ribbon.ActiveConnectionsLimit to use NEXT property: niws.loadbalancer.availabilityFilteringRule.activeConnectionsLimit = 2147483647]
[INFO ][23:08:35,606][http-nio-8887-exec-2][ ][ ][ ][/getUserInfo][com.netflix.loadbalancer.DynamicServerListLoadBalancer:150][DynamicServerListLoadBalancer for client edsp-gls-read-server initialized: DynamicServerListLoadBalancer:{NFLoadBalancer:name=edsp-gls-read-server,current list of Servers=[10.22.4.69:10020],Load balancer stats=Zone stats: {unknown=[Zone:unknown;	Instance count:1;	Active connections count: 0;	Circuit breaker tripped count: 0;	Active connections per server: 0.0;]
},Server stats: [[Server:10.22.4.69:10020;	Zone:UNKNOWN;	Total Requests:0;	Successive connection failure:0;	Total blackout seconds:0;	Last connection made:Thu Jan 01 08:00:00 CST 1970;	First connection made: Thu Jan 01 08:00:00 CST 1970;	Active Connections:0;	total failure count in last (1000) msecs:0;	average resp time:0.0;	90 percentile resp time:0.0;	95 percentile resp time:0.0;	min resp time:0.0;	max resp time:0.0;	stddev resp time:0.0]
]}ServerList:com.alibaba.cloud.nacos.ribbon.NacosServerList@390059f6]
[INFO ][23:08:35,795][http-nio-8887-exec-2][ ][ ][ ][/getUserInfo][com.netflix.http4.ConnectionPoolCleaner:112][Initializing ConnectionPoolCleaner for NFHttpClient:edsp-gls-read-server]
[INFO ][23:08:36,479][http-nio-8887-exec-2][ ][ ][ ][/getUserInfo][com.netflix.config.ChainedDynamicProperty$ChainLink:115][Flipping property: 10.22.4.69:10020.ribbon.ActiveConnectionsLimit to use NEXT property: niws.loadbalancer.availabilityFilteringRule.activeConnectionsLimit = 2147483647]
[INFO ][23:08:36,484][http-nio-8887-exec-2][ ][ ][ ][/getUserInfo][com.netflix.loadbalancer.BaseLoadBalancer:197][Client: 10.22.4.69:10020 instantiated a LoadBalancer: DynamicServerListLoadBalancer:{NFLoadBalancer:name=10.22.4.69:10020,current list of Servers=[],Load balancer stats=Zone stats: {},Server stats: []}ServerList:null]
[INFO ][23:08:36,486][http-nio-8887-exec-2][ ][ ][ ][/getUserInfo][com.netflix.loadbalancer.DynamicServerListLoadBalancer:222][Using serverListUpdater PollingServerListUpdater]
[INFO ][23:08:36,564][http-nio-8887-exec-2][ ][ ][ ][/getUserInfo][com.netflix.loadbalancer.DynamicServerListLoadBalancer:150][DynamicServerListLoadBalancer for client 10.22.4.69:10020 initialized: DynamicServerListLoadBalancer:{NFLoadBalancer:name=10.22.4.69:10020,current list of Servers=[],Load balancer stats=Zone stats: {},Server stats: []}ServerList:com.alibaba.cloud.nacos.ribbon.NacosServerList@1c5286bb]
[INFO ][23:08:36,586][http-nio-8887-exec-2][ ][ ][ ][/getUserInfo][com.netflix.http4.ConnectionPoolCleaner:112][Initializing ConnectionPoolCleaner for NFHttpClient:10.22.4.69:10020]
[INFO ][23:08:36,768][http-nio-8887-exec-2][ ][ ][ ][/getUserInfo][cn.sunline.edsp.traffic.ribbon.loadbalancer.helper.TrafficServerUnitHelper:38][servers.size:1]
[INFO ][23:08:36,772][http-nio-8887-exec-2][ ][ ][ ][/getUserInfo][cn.sunline.edsp.traffic.ribbon.loadbalancer.helper.TrafficServerPriorityHelper:48][servers.size:1]
[INFO ][23:08:36,774][http-nio-8887-exec-2][ ][ ][ ][/getUserInfo][cn.sunline.edsp.traffic.ribbon.loadbalancer.helper.TrafficServerPriorityHelper:69][priorityMode: local]
[INFO ][23:08:36,775][http-nio-8887-exec-2][ ][ ][ ][/getUserInfo][cn.sunline.edsp.traffic.ribbon.loadbalancer.helper.TrafficServerPriorityHelper:73][masterServerIdc: null]
[INFO ][23:08:36,776][http-nio-8887-exec-2][ ][ ][ ][/getUserInfo][cn.sunline.edsp.traffic.ribbon.loadbalancer.helper.TrafficServerPriorityHelper:163][hostPort-10.22.4.69:10020|serverId-10.22.4.69:10020 : The data-center is not configured]
[INFO ][23:08:36,777][http-nio-8887-exec-2][ ][ ][ ][/getUserInfo][cn.sunline.edsp.traffic.ribbon.loadbalancer.helper.TrafficServerPriorityHelper:84][class cn.sunline.edsp.traffic.ribbon.loadbalancer.helper.TrafficServerPriorityHelper filter is over,servers.size: 1]
[DAREA][23:08:37,171][http-nio-8887-exec-2][ ][ ][ ][/getUserInfo][cn.sunline.adp.cedar.service.engine.handler.ServiceEngineHandlerProxy:53][[R]DA[SERVICE]-[hello.getUserInfo]-[Before]{input={name=hanxin}, comm_req={}, sys={}}]
[INFO ][23:08:37,192][http-nio-8887-exec-2][ ][ ][ ][/getUserInfo][cn.sunline.adp.cedar.protocol.rest.out.handler.RestTemplateRemoteInvokeHandler:82][Request path:http://service-adp2/testService/createName]
[INFO ][23:08:37,192][http-nio-8887-exec-2][ ][ ][ ][/getUserInfo][cn.sunline.adp.cedar.protocol.rest.out.handler.RestTemplateRemoteInvokeHandler:83][Request type[POST], dcnNo[dcn1].]
[INFO ][23:08:37,341][http-nio-8887-exec-2][ ][ ][ ][/getUserInfo][com.netflix.config.ChainedDynamicProperty$ChainLink:115][Flipping property: service-adp2.ribbon.ActiveConnectionsLimit to use NEXT property: niws.loadbalancer.availabilityFilteringRule.activeConnectionsLimit = 2147483647]
[INFO ][23:08:37,343][http-nio-8887-exec-2][ ][ ][ ][/getUserInfo][com.netflix.loadbalancer.BaseLoadBalancer:197][Client: service-adp2 instantiated a LoadBalancer: DynamicServerListLoadBalancer:{NFLoadBalancer:name=service-adp2,current list of Servers=[],Load balancer stats=Zone stats: {},Server stats: []}ServerList:null]
[INFO ][23:08:37,345][http-nio-8887-exec-2][ ][ ][ ][/getUserInfo][com.netflix.loadbalancer.DynamicServerListLoadBalancer:222][Using serverListUpdater PollingServerListUpdater]
[INFO ][23:08:37,435][http-nio-8887-exec-2][ ][ ][ ][/getUserInfo][com.netflix.config.ChainedDynamicProperty$ChainLink:115][Flipping property: service-adp2.ribbon.ActiveConnectionsLimit to use NEXT property: niws.loadbalancer.availabilityFilteringRule.activeConnectionsLimit = 2147483647]
[INFO ][23:08:37,438][http-nio-8887-exec-2][ ][ ][ ][/getUserInfo][com.netflix.loadbalancer.DynamicServerListLoadBalancer:150][DynamicServerListLoadBalancer for client service-adp2 initialized: DynamicServerListLoadBalancer:{NFLoadBalancer:name=service-adp2,current list of Servers=[192.168.43.9:8888],Load balancer stats=Zone stats: {unknown=[Zone:unknown;	Instance count:1;	Active connections count: 0;	Circuit breaker tripped count: 0;	Active connections per server: 0.0;]
},Server stats: [[Server:192.168.43.9:8888;	Zone:UNKNOWN;	Total Requests:0;	Successive connection failure:0;	Total blackout seconds:0;	Last connection made:Thu Jan 01 08:00:00 CST 1970;	First connection made: Thu Jan 01 08:00:00 CST 1970;	Active Connections:0;	total failure count in last (1000) msecs:0;	average resp time:0.0;	90 percentile resp time:0.0;	95 percentile resp time:0.0;	min resp time:0.0;	max resp time:0.0;	stddev resp time:0.0]
]}ServerList:com.alibaba.cloud.nacos.ribbon.NacosServerList@5f037409]
[INFO ][23:08:37,459][http-nio-8887-exec-2][ ][ ][ ][/getUserInfo][com.netflix.http4.ConnectionPoolCleaner:112][Initializing ConnectionPoolCleaner for NFHttpClient:service-adp2]
[INFO ][23:08:37,700][http-nio-8887-exec-2][ ][ ][ ][/getUserInfo][com.netflix.config.ChainedDynamicProperty$ChainLink:115][Flipping property: 192.168.43.9:8888.ribbon.ActiveConnectionsLimit to use NEXT property: niws.loadbalancer.availabilityFilteringRule.activeConnectionsLimit = 2147483647]
[INFO ][23:08:37,704][http-nio-8887-exec-2][ ][ ][ ][/getUserInfo][com.netflix.loadbalancer.BaseLoadBalancer:197][Client: 192.168.43.9:8888 instantiated a LoadBalancer: DynamicServerListLoadBalancer:{NFLoadBalancer:name=192.168.43.9:8888,current list of Servers=[],Load balancer stats=Zone stats: {},Server stats: []}ServerList:null]
[INFO ][23:08:37,707][http-nio-8887-exec-2][ ][ ][ ][/getUserInfo][com.netflix.loadbalancer.DynamicServerListLoadBalancer:222][Using serverListUpdater PollingServerListUpdater]
[INFO ][23:08:37,835][http-nio-8887-exec-2][ ][ ][ ][/getUserInfo][com.netflix.loadbalancer.DynamicServerListLoadBalancer:150][DynamicServerListLoadBalancer for client 192.168.43.9:8888 initialized: DynamicServerListLoadBalancer:{NFLoadBalancer:name=192.168.43.9:8888,current list of Servers=[],Load balancer stats=Zone stats: {},Server stats: []}ServerList:com.alibaba.cloud.nacos.ribbon.NacosServerList@58d0d766]
[INFO ][23:08:37,856][http-nio-8887-exec-2][ ][ ][ ][/getUserInfo][com.netflix.http4.ConnectionPoolCleaner:112][Initializing ConnectionPoolCleaner for NFHttpClient:192.168.43.9:8888]
[INFO ][23:08:38,034][http-nio-8887-exec-2][ ][ ][ ][/getUserInfo][cn.sunline.edsp.traffic.ribbon.loadbalancer.helper.TrafficServerUnitHelper:38][servers.size:1]
[INFO ][23:08:38,044][http-nio-8887-exec-2][ ][ ][ ][/getUserInfo][cn.sunline.edsp.traffic.ribbon.loadbalancer.helper.TrafficServerUnitHelper:53][unit information is UnitInfo{unitId='dcn1', status=0, type='R', shardIds='s$->{1..10}', shardSumNum=0, shardIdList=[s1, s2, s3, s4, s5, s6, s7, s8, s9, s10], metadata={BACK_IDC_NODES=[{"idcId":"idc12"},{"idcId":"idc12"}], IDC_NODE={"idcId":"idc2"}, PRIORITY_MODE=master, REGION=SZ}, idcNode=IDCNode{idcId='idc2', proxyAddr='null', status='null'}, backUpIdcNodeList=[IDCNode{idcId='idc12', proxyAddr='null', status='null'}, IDCNode{idcId='idc12', proxyAddr='null', status='null'}]}]
[INFO ][23:08:38,046][http-nio-8887-exec-2][ ][ ][ ][/getUserInfo][cn.sunline.edsp.traffic.ribbon.loadbalancer.helper.TrafficServerPriorityHelper:48][servers.size:1]
[INFO ][23:08:38,049][http-nio-8887-exec-2][ ][ ][ ][/getUserInfo][cn.sunline.edsp.traffic.ribbon.loadbalancer.helper.TrafficServerPriorityHelper:69][priorityMode: master]
[INFO ][23:08:38,051][http-nio-8887-exec-2][ ][ ][ ][/getUserInfo][cn.sunline.edsp.traffic.ribbon.loadbalancer.helper.TrafficServerPriorityHelper:73][masterServerIdc: idc2]
[INFO ][23:08:38,052][http-nio-8887-exec-2][ ][ ][ ][/getUserInfo][cn.sunline.edsp.traffic.ribbon.loadbalancer.helper.TrafficServerPriorityHelper:84][class cn.sunline.edsp.traffic.ribbon.loadbalancer.helper.TrafficServerPriorityHelper filter is over,servers.size: 1]
[INFO ][23:08:39,539][http-nio-8887-exec-2][ ][ ][ ][/getUserInfo][cn.sunline.adp.cedar.protocol.rest.out.handler.RestRemoteServiceExecuteProtocolHandler:55][response info: ["{\"comm_res\":{},\"output\":{\"portone\":null,\"name\":\"hanxin\",\"porttwo\":\"8888\"},\"printer\":null,\"sys\":{\"erortx\":\"\\\\u4EA4\\\\u6613\\\\u6210\\\\u529F\",\"erorcd\":\"AAAAAAAAAA\",\"maxsubtransno\":\"\",\"profile\":{},\"pckgsq\":\"00000000\",\"status\":\"S\"}}"]]
[INFO ][23:08:39,552][http-nio-8887-exec-2][ ][ ][ ][/getUserInfo][cn.sunline.adp.cedar.flowtran.utils.FlowTranUtils$1:110][SERVICE[End][getUserInfo]]
[INFO ][23:08:39,555][http-nio-8887-exec-2][ ][ ][ ][/getUserInfo][cn.sunline.adp.cedar.engine.online.handler.last.OETDumpDebugInfoHandler:37][
Public run variable assignment
	Field mapping
<transaction start>
<transaction input interface data mapping>
	Field mapping
		name->name=hanxin
<transaction attribute interface data mapping>
	Field mapping
<transaction output interface data mapping>
	Field mapping
		name->name=null
		portone->portone=null
		porttwo->porttwo=null
Execution service id[getUserInfo] name[hello.getUserInfo]
	Field mapping
		name->name=hanxin
	[R] execution service: name[hello.getUserInfo]
<End of transaction>
<Common response variable output to data area>
	Field mapping
]
[INFO ][23:08:39,556][http-nio-8887-exec-2][ ][ ][ ][/getUserInfo][cn.sunline.adp.cedar.engine.online.handler.last.OETLogResponseHandler:31][RES[{sys={erortx=\u7CFB\u7EDF\u9519\u8BEF, pckgsq=00000000, erorcd=9999999999, status=F, maxsubtransno=}, comm_res={}, output={}, printer={}}]]
[INFO ][23:08:39,556][http-nio-8887-exec-2][ ][ ][ ][/getUserInfo][cn.sunline.adp.cedar.engine.online.handler.last.OETLogResponseHandler:45][
-------------------------transaction service[getUserInfo][null][19163512888222][19165312888222][] End-------------------------]
[WARN ][23:15:06,918][http-nio-8887-exec-1][ ][ ][ ][/getUserInfo][cn.sunline.adp.dao.datasource.conn.DefaultDBConnectionManager:415][The current connection has been executed beginTransaction, no need to repeat!]
[INFO ][23:15:06,919][http-nio-8887-exec-1][ ][ ][ ][/getUserInfo][cn.sunline.adp.core.reloader.ConfigReloaderFactory:133][The current thread starts to bind configuration parameters]
[INFO ][23:15:06,929][http-nio-8887-exec-1][ ][ ][ ][/getUserInfo][cn.sunline.adp.cedar.engine.online.handler.before.OETLogBeforeProcessHandler:44][
-------------------------transaction service[getUserInfo][null][19163512888222][19165312888222][] Start-------------------------]
[INFO ][23:15:06,930][http-nio-8887-exec-1][ ][ ][ ][/getUserInfo][cn.sunline.adp.cedar.engine.online.handler.before.OETLogBeforeProcessHandler:46][REQ[{output={}, input={name=hanxin, teleno=17867345555, certtype=P, certno=467192346449999, tranam=60000}, printer={}, comm_res={}, property={}, link_res={}, header={}, link_req={}, sys={servicecode=/getUserInfo, busiseqno=19163512888222, callseqno=19165312888222, profile={}}, comm_req={busi_seq=19163512888222, call_seq=19165312888222}}]]
[INFO ][23:15:23,102][http-nio-8887-exec-1][ ][ ][ ][/getUserInfo][cn.sunline.adp.cedar.flowtran.utils.FlowTranUtils$1:95][SERVICE[Begine][getUserInfo]]
[DAREA][23:15:23,107][http-nio-8887-exec-1][ ][ ][ ][/getUserInfo][cn.sunline.adp.cedar.flowtran.runtime.executor.FlowServiceNodeExecutor:73][[DA][FLOW][Input][Input{name=hanxin, prcsna=测试}]]
[DAREA][23:15:23,108][http-nio-8887-exec-1][ ][ ][ ][/getUserInfo][cn.sunline.adp.cedar.flowtran.runtime.executor.FlowServiceNodeExecutor:76][[DA][FLOW][Property][Property{name=hanxin, prcsna=测试}]]
[INFO ][23:15:23,550][http-nio-8887-exec-1][ ][ ][ ][/getUserInfo][com.netflix.config.ChainedDynamicProperty$ChainLink:115][Flipping property: edsp-gls-read-server.ribbon.ActiveConnectionsLimit to use NEXT property: niws.loadbalancer.availabilityFilteringRule.activeConnectionsLimit = 2147483647]
[INFO ][23:15:23,602][http-nio-8887-exec-1][ ][ ][ ][/getUserInfo][com.netflix.loadbalancer.BaseLoadBalancer:197][Client: edsp-gls-read-server instantiated a LoadBalancer: DynamicServerListLoadBalancer:{NFLoadBalancer:name=edsp-gls-read-server,current list of Servers=[],Load balancer stats=Zone stats: {},Server stats: []}ServerList:null]
[INFO ][23:15:23,613][http-nio-8887-exec-1][ ][ ][ ][/getUserInfo][com.netflix.loadbalancer.DynamicServerListLoadBalancer:222][Using serverListUpdater PollingServerListUpdater]
[INFO ][23:15:23,792][http-nio-8887-exec-1][ ][ ][ ][/getUserInfo][com.netflix.config.ChainedDynamicProperty$ChainLink:115][Flipping property: edsp-gls-read-server.ribbon.ActiveConnectionsLimit to use NEXT property: niws.loadbalancer.availabilityFilteringRule.activeConnectionsLimit = 2147483647]
[INFO ][23:15:23,806][http-nio-8887-exec-1][ ][ ][ ][/getUserInfo][com.netflix.loadbalancer.DynamicServerListLoadBalancer:150][DynamicServerListLoadBalancer for client edsp-gls-read-server initialized: DynamicServerListLoadBalancer:{NFLoadBalancer:name=edsp-gls-read-server,current list of Servers=[10.22.4.69:10020],Load balancer stats=Zone stats: {unknown=[Zone:unknown;	Instance count:1;	Active connections count: 0;	Circuit breaker tripped count: 0;	Active connections per server: 0.0;]
},Server stats: [[Server:10.22.4.69:10020;	Zone:UNKNOWN;	Total Requests:0;	Successive connection failure:0;	Total blackout seconds:0;	Last connection made:Thu Jan 01 08:00:00 CST 1970;	First connection made: Thu Jan 01 08:00:00 CST 1970;	Active Connections:0;	total failure count in last (1000) msecs:0;	average resp time:0.0;	90 percentile resp time:0.0;	95 percentile resp time:0.0;	min resp time:0.0;	max resp time:0.0;	stddev resp time:0.0]
]}ServerList:com.alibaba.cloud.nacos.ribbon.NacosServerList@1be31e0f]
[INFO ][23:15:24,112][http-nio-8887-exec-1][ ][ ][ ][/getUserInfo][com.netflix.http4.ConnectionPoolCleaner:112][Initializing ConnectionPoolCleaner for NFHttpClient:edsp-gls-read-server]
[INFO ][23:15:24,649][http-nio-8887-exec-1][ ][ ][ ][/getUserInfo][com.netflix.config.ChainedDynamicProperty$ChainLink:115][Flipping property: 10.22.4.69:10020.ribbon.ActiveConnectionsLimit to use NEXT property: niws.loadbalancer.availabilityFilteringRule.activeConnectionsLimit = 2147483647]
[INFO ][23:15:24,651][http-nio-8887-exec-1][ ][ ][ ][/getUserInfo][com.netflix.loadbalancer.BaseLoadBalancer:197][Client: 10.22.4.69:10020 instantiated a LoadBalancer: DynamicServerListLoadBalancer:{NFLoadBalancer:name=10.22.4.69:10020,current list of Servers=[],Load balancer stats=Zone stats: {},Server stats: []}ServerList:null]
[INFO ][23:15:24,655][http-nio-8887-exec-1][ ][ ][ ][/getUserInfo][com.netflix.loadbalancer.DynamicServerListLoadBalancer:222][Using serverListUpdater PollingServerListUpdater]
[INFO ][23:15:24,737][http-nio-8887-exec-1][ ][ ][ ][/getUserInfo][com.netflix.loadbalancer.DynamicServerListLoadBalancer:150][DynamicServerListLoadBalancer for client 10.22.4.69:10020 initialized: DynamicServerListLoadBalancer:{NFLoadBalancer:name=10.22.4.69:10020,current list of Servers=[],Load balancer stats=Zone stats: {},Server stats: []}ServerList:com.alibaba.cloud.nacos.ribbon.NacosServerList@83c80a1]
[INFO ][23:15:24,751][http-nio-8887-exec-1][ ][ ][ ][/getUserInfo][com.netflix.http4.ConnectionPoolCleaner:112][Initializing ConnectionPoolCleaner for NFHttpClient:10.22.4.69:10020]
[INFO ][23:15:24,868][http-nio-8887-exec-1][ ][ ][ ][/getUserInfo][cn.sunline.edsp.traffic.ribbon.loadbalancer.helper.TrafficServerUnitHelper:38][servers.size:1]
[INFO ][23:15:24,869][http-nio-8887-exec-1][ ][ ][ ][/getUserInfo][cn.sunline.edsp.traffic.ribbon.loadbalancer.helper.TrafficServerPriorityHelper:48][servers.size:1]
[INFO ][23:15:24,871][http-nio-8887-exec-1][ ][ ][ ][/getUserInfo][cn.sunline.edsp.traffic.ribbon.loadbalancer.helper.TrafficServerPriorityHelper:69][priorityMode: local]
[INFO ][23:15:24,871][http-nio-8887-exec-1][ ][ ][ ][/getUserInfo][cn.sunline.edsp.traffic.ribbon.loadbalancer.helper.TrafficServerPriorityHelper:73][masterServerIdc: null]
[INFO ][23:15:24,872][http-nio-8887-exec-1][ ][ ][ ][/getUserInfo][cn.sunline.edsp.traffic.ribbon.loadbalancer.helper.TrafficServerPriorityHelper:163][hostPort-10.22.4.69:10020|serverId-10.22.4.69:10020 : The data-center is not configured]
[INFO ][23:15:24,872][http-nio-8887-exec-1][ ][ ][ ][/getUserInfo][cn.sunline.edsp.traffic.ribbon.loadbalancer.helper.TrafficServerPriorityHelper:84][class cn.sunline.edsp.traffic.ribbon.loadbalancer.helper.TrafficServerPriorityHelper filter is over,servers.size: 1]
[DAREA][23:15:29,174][http-nio-8887-exec-1][ ][ ][ ][/getUserInfo][cn.sunline.adp.cedar.service.engine.handler.ServiceEngineHandlerProxy:53][[R]DA[SERVICE]-[hello.getUserInfo]-[Before]{input={name=hanxin}, comm_req={}, sys={}}]
[INFO ][23:15:32,973][http-nio-8887-exec-1][ ][ ][ ][/getUserInfo][cn.sunline.adp.cedar.protocol.rest.out.handler.RestTemplateRemoteInvokeHandler:82][Request path:http://service-adp2/testService/createName]
[INFO ][23:15:32,973][http-nio-8887-exec-1][ ][ ][ ][/getUserInfo][cn.sunline.adp.cedar.protocol.rest.out.handler.RestTemplateRemoteInvokeHandler:83][Request type[POST], dcnNo[dcn1].]
[INFO ][23:15:33,082][http-nio-8887-exec-1][ ][ ][ ][/getUserInfo][com.netflix.config.ChainedDynamicProperty$ChainLink:115][Flipping property: service-adp2.ribbon.ActiveConnectionsLimit to use NEXT property: niws.loadbalancer.availabilityFilteringRule.activeConnectionsLimit = 2147483647]
[INFO ][23:15:33,084][http-nio-8887-exec-1][ ][ ][ ][/getUserInfo][com.netflix.loadbalancer.BaseLoadBalancer:197][Client: service-adp2 instantiated a LoadBalancer: DynamicServerListLoadBalancer:{NFLoadBalancer:name=service-adp2,current list of Servers=[],Load balancer stats=Zone stats: {},Server stats: []}ServerList:null]
[INFO ][23:15:33,086][http-nio-8887-exec-1][ ][ ][ ][/getUserInfo][com.netflix.loadbalancer.DynamicServerListLoadBalancer:222][Using serverListUpdater PollingServerListUpdater]
[INFO ][23:15:33,167][http-nio-8887-exec-1][ ][ ][ ][/getUserInfo][com.netflix.config.ChainedDynamicProperty$ChainLink:115][Flipping property: service-adp2.ribbon.ActiveConnectionsLimit to use NEXT property: niws.loadbalancer.availabilityFilteringRule.activeConnectionsLimit = 2147483647]
[INFO ][23:15:33,168][http-nio-8887-exec-1][ ][ ][ ][/getUserInfo][com.netflix.loadbalancer.DynamicServerListLoadBalancer:150][DynamicServerListLoadBalancer for client service-adp2 initialized: DynamicServerListLoadBalancer:{NFLoadBalancer:name=service-adp2,current list of Servers=[192.168.43.9:8888],Load balancer stats=Zone stats: {unknown=[Zone:unknown;	Instance count:1;	Active connections count: 0;	Circuit breaker tripped count: 0;	Active connections per server: 0.0;]
},Server stats: [[Server:192.168.43.9:8888;	Zone:UNKNOWN;	Total Requests:0;	Successive connection failure:0;	Total blackout seconds:0;	Last connection made:Thu Jan 01 08:00:00 CST 1970;	First connection made: Thu Jan 01 08:00:00 CST 1970;	Active Connections:0;	total failure count in last (1000) msecs:0;	average resp time:0.0;	90 percentile resp time:0.0;	95 percentile resp time:0.0;	min resp time:0.0;	max resp time:0.0;	stddev resp time:0.0]
]}ServerList:com.alibaba.cloud.nacos.ribbon.NacosServerList@2cfe036d]
[INFO ][23:15:33,178][http-nio-8887-exec-1][ ][ ][ ][/getUserInfo][com.netflix.http4.ConnectionPoolCleaner:112][Initializing ConnectionPoolCleaner for NFHttpClient:service-adp2]
[INFO ][23:15:33,291][http-nio-8887-exec-1][ ][ ][ ][/getUserInfo][com.netflix.config.ChainedDynamicProperty$ChainLink:115][Flipping property: 192.168.43.9:8888.ribbon.ActiveConnectionsLimit to use NEXT property: niws.loadbalancer.availabilityFilteringRule.activeConnectionsLimit = 2147483647]
[INFO ][23:15:33,292][http-nio-8887-exec-1][ ][ ][ ][/getUserInfo][com.netflix.loadbalancer.BaseLoadBalancer:197][Client: 192.168.43.9:8888 instantiated a LoadBalancer: DynamicServerListLoadBalancer:{NFLoadBalancer:name=192.168.43.9:8888,current list of Servers=[],Load balancer stats=Zone stats: {},Server stats: []}ServerList:null]
[INFO ][23:15:33,293][http-nio-8887-exec-1][ ][ ][ ][/getUserInfo][com.netflix.loadbalancer.DynamicServerListLoadBalancer:222][Using serverListUpdater PollingServerListUpdater]
[INFO ][23:15:33,382][http-nio-8887-exec-1][ ][ ][ ][/getUserInfo][com.netflix.loadbalancer.DynamicServerListLoadBalancer:150][DynamicServerListLoadBalancer for client 192.168.43.9:8888 initialized: DynamicServerListLoadBalancer:{NFLoadBalancer:name=192.168.43.9:8888,current list of Servers=[],Load balancer stats=Zone stats: {},Server stats: []}ServerList:com.alibaba.cloud.nacos.ribbon.NacosServerList@56791980]
[INFO ][23:15:33,396][http-nio-8887-exec-1][ ][ ][ ][/getUserInfo][com.netflix.http4.ConnectionPoolCleaner:112][Initializing ConnectionPoolCleaner for NFHttpClient:192.168.43.9:8888]
[INFO ][23:15:33,481][http-nio-8887-exec-1][ ][ ][ ][/getUserInfo][cn.sunline.edsp.traffic.ribbon.loadbalancer.helper.TrafficServerUnitHelper:38][servers.size:1]
[INFO ][23:15:33,489][http-nio-8887-exec-1][ ][ ][ ][/getUserInfo][cn.sunline.edsp.traffic.ribbon.loadbalancer.helper.TrafficServerUnitHelper:53][unit information is UnitInfo{unitId='dcn1', status=0, type='R', shardIds='s$->{1..10}', shardSumNum=0, shardIdList=[s1, s2, s3, s4, s5, s6, s7, s8, s9, s10], metadata={BACK_IDC_NODES=[{"idcId":"idc12"},{"idcId":"idc12"}], IDC_NODE={"idcId":"idc2"}, PRIORITY_MODE=master, REGION=SZ}, idcNode=IDCNode{idcId='idc2', proxyAddr='null', status='null'}, backUpIdcNodeList=[IDCNode{idcId='idc12', proxyAddr='null', status='null'}, IDCNode{idcId='idc12', proxyAddr='null', status='null'}]}]
[INFO ][23:15:33,490][http-nio-8887-exec-1][ ][ ][ ][/getUserInfo][cn.sunline.edsp.traffic.ribbon.loadbalancer.helper.TrafficServerPriorityHelper:48][servers.size:1]
[INFO ][23:15:33,492][http-nio-8887-exec-1][ ][ ][ ][/getUserInfo][cn.sunline.edsp.traffic.ribbon.loadbalancer.helper.TrafficServerPriorityHelper:69][priorityMode: master]
[INFO ][23:15:33,492][http-nio-8887-exec-1][ ][ ][ ][/getUserInfo][cn.sunline.edsp.traffic.ribbon.loadbalancer.helper.TrafficServerPriorityHelper:73][masterServerIdc: idc2]
[INFO ][23:15:33,493][http-nio-8887-exec-1][ ][ ][ ][/getUserInfo][cn.sunline.edsp.traffic.ribbon.loadbalancer.helper.TrafficServerPriorityHelper:84][class cn.sunline.edsp.traffic.ribbon.loadbalancer.helper.TrafficServerPriorityHelper filter is over,servers.size: 1]
[INFO ][23:15:34,069][http-nio-8887-exec-1][ ][ ][ ][/getUserInfo][cn.sunline.adp.cedar.protocol.rest.out.handler.RestRemoteServiceExecuteProtocolHandler:55][response info: ["{\"comm_res\":{},\"output\":{\"portone\":null,\"name\":\"hanxin\",\"porttwo\":\"8888\"},\"printer\":null,\"sys\":{\"erortx\":\"\\\\u4EA4\\\\u6613\\\\u6210\\\\u529F\",\"erorcd\":\"AAAAAAAAAA\",\"maxsubtransno\":\"\",\"profile\":{},\"pckgsq\":\"00000000\",\"status\":\"S\"}}"]]
[INFO ][23:16:24,495][http-nio-8887-exec-1][ ][ ][ ][/getUserInfo][cn.sunline.adp.cedar.flowtran.utils.FlowTranUtils$1:110][SERVICE[End][getUserInfo]]
[INFO ][23:16:27,053][http-nio-8887-exec-1][ ][ ][ ][/getUserInfo][cn.sunline.adp.cedar.engine.online.handler.last.OETDumpDebugInfoHandler:37][
Public run variable assignment
	Field mapping
<transaction start>
<transaction input interface data mapping>
	Field mapping
		name->name=hanxin
<transaction attribute interface data mapping>
	Field mapping
<transaction output interface data mapping>
	Field mapping
		name->name=null
		portone->portone=null
		porttwo->porttwo=null
Execution service id[getUserInfo] name[hello.getUserInfo]
	Field mapping
		name->name=hanxin
	[R] execution service: name[hello.getUserInfo]
<End of transaction>
<Common response variable output to data area>
	Field mapping
]
[INFO ][23:16:27,056][http-nio-8887-exec-1][ ][ ][ ][/getUserInfo][cn.sunline.adp.cedar.engine.online.handler.last.OETLogResponseHandler:31][RES[{sys={erortx=\u7CFB\u7EDF\u9519\u8BEF, pckgsq=00000000, erorcd=9999999999, status=F, maxsubtransno=}, comm_res={}, output={}, printer={}}]]
[INFO ][23:16:27,057][http-nio-8887-exec-1][ ][ ][ ][/getUserInfo][cn.sunline.adp.cedar.engine.online.handler.last.OETLogResponseHandler:45][
-------------------------transaction service[getUserInfo][null][19163512888222][19165312888222][] End-------------------------]
[WARN ][23:17:14,400][http-nio-8887-exec-2][ ][ ][ ][/getUserInfo][cn.sunline.adp.dao.datasource.conn.DefaultDBConnectionManager:415][The current connection has been executed beginTransaction, no need to repeat!]
[INFO ][23:17:14,400][http-nio-8887-exec-2][ ][ ][ ][/getUserInfo][cn.sunline.adp.core.reloader.ConfigReloaderFactory:133][The current thread starts to bind configuration parameters]
[INFO ][23:17:14,400][http-nio-8887-exec-2][ ][ ][ ][/getUserInfo][cn.sunline.adp.cedar.engine.online.handler.before.OETLogBeforeProcessHandler:44][
-------------------------transaction service[getUserInfo][null][19163512888222][19165312888222][] Start-------------------------]
[INFO ][23:17:14,400][http-nio-8887-exec-2][ ][ ][ ][/getUserInfo][cn.sunline.adp.cedar.engine.online.handler.before.OETLogBeforeProcessHandler:46][REQ[{output={}, input={name=hanxin, teleno=17867345555, certtype=P, certno=467192346449999, tranam=60000}, printer={}, comm_res={}, property={}, link_res={}, header={}, link_req={}, sys={servicecode=/getUserInfo, busiseqno=19163512888222, callseqno=19165312888222, profile={}}, comm_req={busi_seq=19163512888222, call_seq=19165312888222}}]]
[INFO ][23:17:29,717][http-nio-8887-exec-2][ ][ ][ ][/getUserInfo][cn.sunline.adp.cedar.flowtran.utils.FlowTranUtils$1:95][SERVICE[Begine][getUserInfo]]
[DAREA][23:17:29,718][http-nio-8887-exec-2][ ][ ][ ][/getUserInfo][cn.sunline.adp.cedar.flowtran.runtime.executor.FlowServiceNodeExecutor:73][[DA][FLOW][Input][Input{name=hanxin, prcsna=测试}]]
[DAREA][23:17:29,719][http-nio-8887-exec-2][ ][ ][ ][/getUserInfo][cn.sunline.adp.cedar.flowtran.runtime.executor.FlowServiceNodeExecutor:76][[DA][FLOW][Property][Property{name=hanxin, prcsna=测试}]]
[INFO ][23:17:29,775][http-nio-8887-exec-2][ ][ ][ ][/getUserInfo][cn.sunline.edsp.traffic.ribbon.loadbalancer.helper.TrafficServerUnitHelper:38][servers.size:1]
[INFO ][23:17:29,775][http-nio-8887-exec-2][ ][ ][ ][/getUserInfo][cn.sunline.edsp.traffic.ribbon.loadbalancer.helper.TrafficServerPriorityHelper:48][servers.size:1]
[INFO ][23:17:29,776][http-nio-8887-exec-2][ ][ ][ ][/getUserInfo][cn.sunline.edsp.traffic.ribbon.loadbalancer.helper.TrafficServerPriorityHelper:69][priorityMode: local]
[INFO ][23:17:29,776][http-nio-8887-exec-2][ ][ ][ ][/getUserInfo][cn.sunline.edsp.traffic.ribbon.loadbalancer.helper.TrafficServerPriorityHelper:73][masterServerIdc: null]
[INFO ][23:17:29,777][http-nio-8887-exec-2][ ][ ][ ][/getUserInfo][cn.sunline.edsp.traffic.ribbon.loadbalancer.helper.TrafficServerPriorityHelper:163][hostPort-10.22.4.69:10020|serverId-10.22.4.69:10020 : The data-center is not configured]
[INFO ][23:17:29,777][http-nio-8887-exec-2][ ][ ][ ][/getUserInfo][cn.sunline.edsp.traffic.ribbon.loadbalancer.helper.TrafficServerPriorityHelper:84][class cn.sunline.edsp.traffic.ribbon.loadbalancer.helper.TrafficServerPriorityHelper filter is over,servers.size: 1]
[DAREA][23:17:35,041][http-nio-8887-exec-2][ ][ ][ ][/getUserInfo][cn.sunline.adp.cedar.service.engine.handler.ServiceEngineHandlerProxy:53][[R]DA[SERVICE]-[hello.getUserInfo]-[Before]{input={name=hanxin}, comm_req={}, sys={}}]
[INFO ][23:17:36,966][http-nio-8887-exec-2][ ][ ][ ][/getUserInfo][cn.sunline.adp.cedar.protocol.rest.out.handler.RestTemplateRemoteInvokeHandler:82][Request path:http://service-adp2/testService/createName]
[INFO ][23:17:36,966][http-nio-8887-exec-2][ ][ ][ ][/getUserInfo][cn.sunline.adp.cedar.protocol.rest.out.handler.RestTemplateRemoteInvokeHandler:83][Request type[POST], dcnNo[dcn1].]
[INFO ][23:17:36,967][http-nio-8887-exec-2][ ][ ][ ][/getUserInfo][cn.sunline.edsp.traffic.ribbon.loadbalancer.helper.TrafficServerUnitHelper:38][servers.size:1]
[INFO ][23:17:36,969][http-nio-8887-exec-2][ ][ ][ ][/getUserInfo][cn.sunline.edsp.traffic.ribbon.loadbalancer.helper.TrafficServerUnitHelper:53][unit information is UnitInfo{unitId='dcn1', status=0, type='R', shardIds='s$->{1..10}', shardSumNum=0, shardIdList=[s1, s2, s3, s4, s5, s6, s7, s8, s9, s10], metadata={BACK_IDC_NODES=[{"idcId":"idc12"},{"idcId":"idc12"}], IDC_NODE={"idcId":"idc2"}, PRIORITY_MODE=master, REGION=SZ}, idcNode=IDCNode{idcId='idc2', proxyAddr='null', status='null'}, backUpIdcNodeList=[IDCNode{idcId='idc12', proxyAddr='null', status='null'}, IDCNode{idcId='idc12', proxyAddr='null', status='null'}]}]
[INFO ][23:17:36,969][http-nio-8887-exec-2][ ][ ][ ][/getUserInfo][cn.sunline.edsp.traffic.ribbon.loadbalancer.helper.TrafficServerPriorityHelper:48][servers.size:1]
[INFO ][23:17:36,970][http-nio-8887-exec-2][ ][ ][ ][/getUserInfo][cn.sunline.edsp.traffic.ribbon.loadbalancer.helper.TrafficServerPriorityHelper:69][priorityMode: master]
[INFO ][23:17:36,971][http-nio-8887-exec-2][ ][ ][ ][/getUserInfo][cn.sunline.edsp.traffic.ribbon.loadbalancer.helper.TrafficServerPriorityHelper:73][masterServerIdc: idc2]
[INFO ][23:17:36,971][http-nio-8887-exec-2][ ][ ][ ][/getUserInfo][cn.sunline.edsp.traffic.ribbon.loadbalancer.helper.TrafficServerPriorityHelper:84][class cn.sunline.edsp.traffic.ribbon.loadbalancer.helper.TrafficServerPriorityHelper filter is over,servers.size: 1]
[INFO ][23:17:37,272][http-nio-8887-exec-2][ ][ ][ ][/getUserInfo][cn.sunline.adp.cedar.protocol.rest.out.handler.RestRemoteServiceExecuteProtocolHandler:55][response info: ["{\"comm_res\":{},\"output\":{\"portone\":null,\"name\":\"hanxin\",\"porttwo\":\"8888\"},\"printer\":null,\"sys\":{\"erortx\":\"\\\\u4EA4\\\\u6613\\\\u6210\\\\u529F\",\"erorcd\":\"AAAAAAAAAA\",\"maxsubtransno\":\"\",\"profile\":{},\"pckgsq\":\"00000000\",\"status\":\"S\"}}"]]
[INFO ][23:17:46,654][http-nio-8887-exec-2][ ][ ][ ][/getUserInfo][cn.sunline.adp.cedar.flowtran.utils.FlowTranUtils$1:110][SERVICE[End][getUserInfo]]
[INFO ][23:17:47,849][http-nio-8887-exec-2][ ][ ][ ][/getUserInfo][cn.sunline.adp.cedar.engine.online.handler.last.OETDumpDebugInfoHandler:37][
Public run variable assignment
	Field mapping
<transaction start>
<transaction input interface data mapping>
	Field mapping
		name->name=hanxin
<transaction attribute interface data mapping>
	Field mapping
<transaction output interface data mapping>
	Field mapping
		name->name=null
		portone->portone=null
		porttwo->porttwo=null
Execution service id[getUserInfo] name[hello.getUserInfo]
	Field mapping
		name->name=hanxin
	[R] execution service: name[hello.getUserInfo]
<End of transaction>
<Common response variable output to data area>
	Field mapping
]
[INFO ][23:17:47,850][http-nio-8887-exec-2][ ][ ][ ][/getUserInfo][cn.sunline.adp.cedar.engine.online.handler.last.OETLogResponseHandler:31][RES[{sys={erortx=\u7CFB\u7EDF\u9519\u8BEF, pckgsq=00000000, erorcd=9999999999, status=F, maxsubtransno=}, comm_res={}, output={}, printer={}}]]
[INFO ][23:17:47,851][http-nio-8887-exec-2][ ][ ][ ][/getUserInfo][cn.sunline.adp.cedar.engine.online.handler.last.OETLogResponseHandler:45][
-------------------------transaction service[getUserInfo][null][19163512888222][19165312888222][] End-------------------------]
[WARN ][23:17:53,517][http-nio-8887-exec-3][ ][ ][ ][/getUserInfo][cn.sunline.adp.dao.datasource.conn.DefaultDBConnectionManager:415][The current connection has been executed beginTransaction, no need to repeat!]
[INFO ][23:17:53,518][http-nio-8887-exec-3][ ][ ][ ][/getUserInfo][cn.sunline.adp.core.reloader.ConfigReloaderFactory:133][The current thread starts to bind configuration parameters]
[INFO ][23:17:53,518][http-nio-8887-exec-3][ ][ ][ ][/getUserInfo][cn.sunline.adp.cedar.engine.online.handler.before.OETLogBeforeProcessHandler:44][
-------------------------transaction service[getUserInfo][null][19163512888222][19165312888222][] Start-------------------------]
[INFO ][23:17:53,519][http-nio-8887-exec-3][ ][ ][ ][/getUserInfo][cn.sunline.adp.cedar.engine.online.handler.before.OETLogBeforeProcessHandler:46][REQ[{output={}, input={name=hanxin, teleno=17867345555, certtype=P, certno=467192346449999, tranam=60000}, printer={}, comm_res={}, property={}, link_res={}, header={}, link_req={}, sys={servicecode=/getUserInfo, busiseqno=19163512888222, callseqno=19165312888222, profile={}}, comm_req={busi_seq=19163512888222, call_seq=19165312888222}}]]
[INFO ][23:17:58,300][http-nio-8887-exec-3][ ][ ][ ][/getUserInfo][cn.sunline.adp.cedar.flowtran.utils.FlowTranUtils$1:95][SERVICE[Begine][getUserInfo]]
[DAREA][23:17:58,303][http-nio-8887-exec-3][ ][ ][ ][/getUserInfo][cn.sunline.adp.cedar.flowtran.runtime.executor.FlowServiceNodeExecutor:73][[DA][FLOW][Input][Input{name=hanxin, prcsna=测试}]]
[DAREA][23:17:58,303][http-nio-8887-exec-3][ ][ ][ ][/getUserInfo][cn.sunline.adp.cedar.flowtran.runtime.executor.FlowServiceNodeExecutor:76][[DA][FLOW][Property][Property{name=hanxin, prcsna=测试}]]
[INFO ][23:17:58,306][http-nio-8887-exec-3][ ][ ][ ][/getUserInfo][cn.sunline.edsp.traffic.ribbon.loadbalancer.helper.TrafficServerUnitHelper:38][servers.size:1]
[INFO ][23:17:58,307][http-nio-8887-exec-3][ ][ ][ ][/getUserInfo][cn.sunline.edsp.traffic.ribbon.loadbalancer.helper.TrafficServerPriorityHelper:48][servers.size:1]
[INFO ][23:17:58,308][http-nio-8887-exec-3][ ][ ][ ][/getUserInfo][cn.sunline.edsp.traffic.ribbon.loadbalancer.helper.TrafficServerPriorityHelper:69][priorityMode: local]
[INFO ][23:17:58,309][http-nio-8887-exec-3][ ][ ][ ][/getUserInfo][cn.sunline.edsp.traffic.ribbon.loadbalancer.helper.TrafficServerPriorityHelper:73][masterServerIdc: null]
[INFO ][23:17:58,309][http-nio-8887-exec-3][ ][ ][ ][/getUserInfo][cn.sunline.edsp.traffic.ribbon.loadbalancer.helper.TrafficServerPriorityHelper:163][hostPort-10.22.4.69:10020|serverId-10.22.4.69:10020 : The data-center is not configured]
[INFO ][23:17:58,310][http-nio-8887-exec-3][ ][ ][ ][/getUserInfo][cn.sunline.edsp.traffic.ribbon.loadbalancer.helper.TrafficServerPriorityHelper:84][class cn.sunline.edsp.traffic.ribbon.loadbalancer.helper.TrafficServerPriorityHelper filter is over,servers.size: 1]
[DAREA][23:18:01,994][http-nio-8887-exec-3][ ][ ][ ][/getUserInfo][cn.sunline.adp.cedar.service.engine.handler.ServiceEngineHandlerProxy:53][[R]DA[SERVICE]-[hello.getUserInfo]-[Before]{input={name=hanxin}, comm_req={}, sys={}}]
[INFO ][23:18:04,919][http-nio-8887-exec-3][ ][ ][ ][/getUserInfo][cn.sunline.adp.cedar.protocol.rest.out.handler.RestTemplateRemoteInvokeHandler:82][Request path:http://service-adp2/testService/createName]
[INFO ][23:18:04,919][http-nio-8887-exec-3][ ][ ][ ][/getUserInfo][cn.sunline.adp.cedar.protocol.rest.out.handler.RestTemplateRemoteInvokeHandler:83][Request type[POST], dcnNo[dcn1].]
[INFO ][23:18:04,920][http-nio-8887-exec-3][ ][ ][ ][/getUserInfo][cn.sunline.edsp.traffic.ribbon.loadbalancer.helper.TrafficServerUnitHelper:38][servers.size:1]
[INFO ][23:18:04,921][http-nio-8887-exec-3][ ][ ][ ][/getUserInfo][cn.sunline.edsp.traffic.ribbon.loadbalancer.helper.TrafficServerUnitHelper:53][unit information is UnitInfo{unitId='dcn1', status=0, type='R', shardIds='s$->{1..10}', shardSumNum=0, shardIdList=[s1, s2, s3, s4, s5, s6, s7, s8, s9, s10], metadata={BACK_IDC_NODES=[{"idcId":"idc12"},{"idcId":"idc12"}], IDC_NODE={"idcId":"idc2"}, PRIORITY_MODE=master, REGION=SZ}, idcNode=IDCNode{idcId='idc2', proxyAddr='null', status='null'}, backUpIdcNodeList=[IDCNode{idcId='idc12', proxyAddr='null', status='null'}, IDCNode{idcId='idc12', proxyAddr='null', status='null'}]}]
[INFO ][23:18:04,921][http-nio-8887-exec-3][ ][ ][ ][/getUserInfo][cn.sunline.edsp.traffic.ribbon.loadbalancer.helper.TrafficServerPriorityHelper:48][servers.size:1]
[INFO ][23:18:04,923][http-nio-8887-exec-3][ ][ ][ ][/getUserInfo][cn.sunline.edsp.traffic.ribbon.loadbalancer.helper.TrafficServerPriorityHelper:69][priorityMode: master]
[INFO ][23:18:04,924][http-nio-8887-exec-3][ ][ ][ ][/getUserInfo][cn.sunline.edsp.traffic.ribbon.loadbalancer.helper.TrafficServerPriorityHelper:73][masterServerIdc: idc2]
[INFO ][23:18:04,924][http-nio-8887-exec-3][ ][ ][ ][/getUserInfo][cn.sunline.edsp.traffic.ribbon.loadbalancer.helper.TrafficServerPriorityHelper:84][class cn.sunline.edsp.traffic.ribbon.loadbalancer.helper.TrafficServerPriorityHelper filter is over,servers.size: 1]
[INFO ][23:18:05,265][http-nio-8887-exec-3][ ][ ][ ][/getUserInfo][cn.sunline.adp.cedar.protocol.rest.out.handler.RestRemoteServiceExecuteProtocolHandler:55][response info: ["{\"comm_res\":{},\"output\":{\"portone\":null,\"name\":\"hanxin\",\"porttwo\":\"8888\"},\"printer\":null,\"sys\":{\"erortx\":\"\\\\u4EA4\\\\u6613\\\\u6210\\\\u529F\",\"erorcd\":\"AAAAAAAAAA\",\"maxsubtransno\":\"\",\"profile\":{},\"pckgsq\":\"00000000\",\"status\":\"S\"}}"]]
[INFO ][23:19:27,578][http-nio-8887-exec-3][ ][ ][ ][/getUserInfo][cn.sunline.adp.cedar.flowtran.utils.FlowTranUtils$1:110][SERVICE[End][getUserInfo]]
[INFO ][23:19:34,710][http-nio-8887-exec-3][ ][ ][ ][/getUserInfo][cn.sunline.adp.cedar.engine.online.handler.last.OETDumpDebugInfoHandler:37][
Public run variable assignment
	Field mapping
<transaction start>
<transaction input interface data mapping>
	Field mapping
		name->name=hanxin
<transaction attribute interface data mapping>
	Field mapping
<transaction output interface data mapping>
	Field mapping
		name->name=null
		portone->portone=null
		porttwo->porttwo=null
Execution service id[getUserInfo] name[hello.getUserInfo]
	Field mapping
		name->name=hanxin
	[R] execution service: name[hello.getUserInfo]
<End of transaction>
<Common response variable output to data area>
	Field mapping
]
[INFO ][23:19:34,711][http-nio-8887-exec-3][ ][ ][ ][/getUserInfo][cn.sunline.adp.cedar.engine.online.handler.last.OETLogResponseHandler:31][RES[{sys={erortx=\u7CFB\u7EDF\u9519\u8BEF, pckgsq=00000000, erorcd=9999999999, status=F, maxsubtransno=}, comm_res={}, output={}, printer={}}]]
[INFO ][23:19:34,711][http-nio-8887-exec-3][ ][ ][ ][/getUserInfo][cn.sunline.adp.cedar.engine.online.handler.last.OETLogResponseHandler:45][
-------------------------transaction service[getUserInfo][null][19163512888222][19165312888222][] End-------------------------]
[WARN ][23:19:39,011][http-nio-8887-exec-5][ ][ ][ ][/getUserInfo][cn.sunline.adp.dao.datasource.conn.DefaultDBConnectionManager:415][The current connection has been executed beginTransaction, no need to repeat!]
[INFO ][23:19:39,011][http-nio-8887-exec-5][ ][ ][ ][/getUserInfo][cn.sunline.adp.core.reloader.ConfigReloaderFactory:133][The current thread starts to bind configuration parameters]
[INFO ][23:19:39,012][http-nio-8887-exec-5][ ][ ][ ][/getUserInfo][cn.sunline.adp.cedar.engine.online.handler.before.OETLogBeforeProcessHandler:44][
-------------------------transaction service[getUserInfo][null][19163512888222][19165312888222][] Start-------------------------]
[INFO ][23:19:39,012][http-nio-8887-exec-5][ ][ ][ ][/getUserInfo][cn.sunline.adp.cedar.engine.online.handler.before.OETLogBeforeProcessHandler:46][REQ[{output={}, input={name=hanxin, teleno=17867345555, certtype=P, certno=467192346449999, tranam=60000}, printer={}, comm_res={}, property={}, link_res={}, header={}, link_req={}, sys={servicecode=/getUserInfo, busiseqno=19163512888222, callseqno=19165312888222, profile={}}, comm_req={busi_seq=19163512888222, call_seq=19165312888222}}]]
[INFO ][23:20:20,128][http-nio-8887-exec-5][ ][ ][ ][/getUserInfo][cn.sunline.adp.cedar.flowtran.utils.FlowTranUtils$1:95][SERVICE[Begine][getUserInfo]]
[DAREA][23:20:20,130][http-nio-8887-exec-5][ ][ ][ ][/getUserInfo][cn.sunline.adp.cedar.flowtran.runtime.executor.FlowServiceNodeExecutor:73][[DA][FLOW][Input][Input{name=hanxin, prcsna=测试}]]
[DAREA][23:20:20,132][http-nio-8887-exec-5][ ][ ][ ][/getUserInfo][cn.sunline.adp.cedar.flowtran.runtime.executor.FlowServiceNodeExecutor:76][[DA][FLOW][Property][Property{name=hanxin, prcsna=测试}]]
[INFO ][23:20:20,139][http-nio-8887-exec-5][ ][ ][ ][/getUserInfo][cn.sunline.edsp.traffic.ribbon.loadbalancer.helper.TrafficServerUnitHelper:38][servers.size:1]
[INFO ][23:20:20,140][http-nio-8887-exec-5][ ][ ][ ][/getUserInfo][cn.sunline.edsp.traffic.ribbon.loadbalancer.helper.TrafficServerPriorityHelper:48][servers.size:1]
[INFO ][23:20:20,141][http-nio-8887-exec-5][ ][ ][ ][/getUserInfo][cn.sunline.edsp.traffic.ribbon.loadbalancer.helper.TrafficServerPriorityHelper:69][priorityMode: local]
[INFO ][23:20:20,142][http-nio-8887-exec-5][ ][ ][ ][/getUserInfo][cn.sunline.edsp.traffic.ribbon.loadbalancer.helper.TrafficServerPriorityHelper:73][masterServerIdc: null]
[INFO ][23:20:20,142][http-nio-8887-exec-5][ ][ ][ ][/getUserInfo][cn.sunline.edsp.traffic.ribbon.loadbalancer.helper.TrafficServerPriorityHelper:163][hostPort-10.22.4.69:10020|serverId-10.22.4.69:10020 : The data-center is not configured]
[INFO ][23:20:20,143][http-nio-8887-exec-5][ ][ ][ ][/getUserInfo][cn.sunline.edsp.traffic.ribbon.loadbalancer.helper.TrafficServerPriorityHelper:84][class cn.sunline.edsp.traffic.ribbon.loadbalancer.helper.TrafficServerPriorityHelper filter is over,servers.size: 1]
[DAREA][23:20:21,385][http-nio-8887-exec-5][ ][ ][ ][/getUserInfo][cn.sunline.adp.cedar.service.engine.handler.ServiceEngineHandlerProxy:53][[R]DA[SERVICE]-[hello.getUserInfo]-[Before]{input={name=hanxin}, comm_req={}, sys={}}]
[INFO ][23:20:22,869][http-nio-8887-exec-5][ ][ ][ ][/getUserInfo][cn.sunline.adp.cedar.protocol.rest.out.handler.RestTemplateRemoteInvokeHandler:82][Request path:http://service-adp2/testService/createName]
[INFO ][23:20:22,870][http-nio-8887-exec-5][ ][ ][ ][/getUserInfo][cn.sunline.adp.cedar.protocol.rest.out.handler.RestTemplateRemoteInvokeHandler:83][Request type[POST], dcnNo[dcn1].]
[INFO ][23:20:22,873][http-nio-8887-exec-5][ ][ ][ ][/getUserInfo][cn.sunline.edsp.traffic.ribbon.loadbalancer.helper.TrafficServerUnitHelper:38][servers.size:1]
[INFO ][23:20:22,875][http-nio-8887-exec-5][ ][ ][ ][/getUserInfo][cn.sunline.edsp.traffic.ribbon.loadbalancer.helper.TrafficServerUnitHelper:53][unit information is UnitInfo{unitId='dcn1', status=0, type='R', shardIds='s$->{1..10}', shardSumNum=0, shardIdList=[s1, s2, s3, s4, s5, s6, s7, s8, s9, s10], metadata={BACK_IDC_NODES=[{"idcId":"idc12"},{"idcId":"idc12"}], IDC_NODE={"idcId":"idc2"}, PRIORITY_MODE=master, REGION=SZ}, idcNode=IDCNode{idcId='idc2', proxyAddr='null', status='null'}, backUpIdcNodeList=[IDCNode{idcId='idc12', proxyAddr='null', status='null'}, IDCNode{idcId='idc12', proxyAddr='null', status='null'}]}]
[INFO ][23:20:22,876][http-nio-8887-exec-5][ ][ ][ ][/getUserInfo][cn.sunline.edsp.traffic.ribbon.loadbalancer.helper.TrafficServerPriorityHelper:48][servers.size:1]
[INFO ][23:20:22,877][http-nio-8887-exec-5][ ][ ][ ][/getUserInfo][cn.sunline.edsp.traffic.ribbon.loadbalancer.helper.TrafficServerPriorityHelper:69][priorityMode: master]
[INFO ][23:20:22,878][http-nio-8887-exec-5][ ][ ][ ][/getUserInfo][cn.sunline.edsp.traffic.ribbon.loadbalancer.helper.TrafficServerPriorityHelper:73][masterServerIdc: idc2]
[INFO ][23:20:22,878][http-nio-8887-exec-5][ ][ ][ ][/getUserInfo][cn.sunline.edsp.traffic.ribbon.loadbalancer.helper.TrafficServerPriorityHelper:84][class cn.sunline.edsp.traffic.ribbon.loadbalancer.helper.TrafficServerPriorityHelper filter is over,servers.size: 1]
[INFO ][23:20:23,299][http-nio-8887-exec-5][ ][ ][ ][/getUserInfo][cn.sunline.adp.cedar.protocol.rest.out.handler.RestRemoteServiceExecuteProtocolHandler:55][response info: ["{\"comm_res\":{},\"output\":{\"portone\":null,\"name\":\"hanxin\",\"porttwo\":\"8888\"},\"printer\":null,\"sys\":{\"erortx\":\"\\\\u4EA4\\\\u6613\\\\u6210\\\\u529F\",\"erorcd\":\"AAAAAAAAAA\",\"maxsubtransno\":\"\",\"profile\":{},\"pckgsq\":\"00000000\",\"status\":\"S\"}}"]]
[INFO ][23:21:51,040][http-nio-8887-exec-5][ ][ ][ ][/getUserInfo][cn.sunline.adp.cedar.flowtran.utils.FlowTranUtils$1:110][SERVICE[End][getUserInfo]]
[INFO ][23:22:38,836][http-nio-8887-exec-5][ ][ ][ ][/getUserInfo][cn.sunline.adp.cedar.engine.online.handler.last.OETDumpDebugInfoHandler:37][
Public run variable assignment
	Field mapping
<transaction start>
<transaction input interface data mapping>
	Field mapping
		name->name=hanxin
<transaction attribute interface data mapping>
	Field mapping
<transaction output interface data mapping>
	Field mapping
		name->name=null
		portone->portone=null
		porttwo->porttwo=null
Execution service id[getUserInfo] name[hello.getUserInfo]
	Field mapping
		name->name=hanxin
	[R] execution service: name[hello.getUserInfo]
<End of transaction>
<Common response variable output to data area>
	Field mapping
]
[INFO ][23:22:38,840][http-nio-8887-exec-5][ ][ ][ ][/getUserInfo][cn.sunline.adp.cedar.engine.online.handler.last.OETLogResponseHandler:31][RES[{sys={erortx=\u7CFB\u7EDF\u9519\u8BEF, pckgsq=00000000, erorcd=9999999999, status=F, maxsubtransno=}, comm_res={}, output={}, printer={}}]]
[INFO ][23:22:38,840][http-nio-8887-exec-5][ ][ ][ ][/getUserInfo][cn.sunline.adp.cedar.engine.online.handler.last.OETLogResponseHandler:45][
-------------------------transaction service[getUserInfo][null][19163512888222][19165312888222][] End-------------------------]
[WARN ][23:22:45,485][http-nio-8887-exec-6][ ][ ][ ][/getUserInfo][cn.sunline.adp.dao.datasource.conn.DefaultDBConnectionManager:415][The current connection has been executed beginTransaction, no need to repeat!]
[INFO ][23:22:45,485][http-nio-8887-exec-6][ ][ ][ ][/getUserInfo][cn.sunline.adp.core.reloader.ConfigReloaderFactory:133][The current thread starts to bind configuration parameters]
[INFO ][23:22:45,485][http-nio-8887-exec-6][ ][ ][ ][/getUserInfo][cn.sunline.adp.cedar.engine.online.handler.before.OETLogBeforeProcessHandler:44][
-------------------------transaction service[getUserInfo][null][19163512888222][19165312888222][] Start-------------------------]
[INFO ][23:22:45,485][http-nio-8887-exec-6][ ][ ][ ][/getUserInfo][cn.sunline.adp.cedar.engine.online.handler.before.OETLogBeforeProcessHandler:46][REQ[{output={}, input={name=hanxin, teleno=17867345555, certtype=P, certno=467192346449999, tranam=60000}, printer={}, comm_res={}, property={}, link_res={}, header={}, link_req={}, sys={servicecode=/getUserInfo, busiseqno=19163512888222, callseqno=19165312888222, profile={}}, comm_req={busi_seq=19163512888222, call_seq=19165312888222}}]]
[INFO ][23:22:51,840][http-nio-8887-exec-6][ ][ ][ ][/getUserInfo][cn.sunline.adp.cedar.flowtran.utils.FlowTranUtils$1:95][SERVICE[Begine][getUserInfo]]
[DAREA][23:22:51,840][http-nio-8887-exec-6][ ][ ][ ][/getUserInfo][cn.sunline.adp.cedar.flowtran.runtime.executor.FlowServiceNodeExecutor:73][[DA][FLOW][Input][Input{name=hanxin, prcsna=测试}]]
[DAREA][23:22:51,840][http-nio-8887-exec-6][ ][ ][ ][/getUserInfo][cn.sunline.adp.cedar.flowtran.runtime.executor.FlowServiceNodeExecutor:76][[DA][FLOW][Property][Property{name=hanxin, prcsna=测试}]]
[INFO ][23:22:51,841][http-nio-8887-exec-6][ ][ ][ ][/getUserInfo][cn.sunline.edsp.traffic.ribbon.loadbalancer.helper.TrafficServerUnitHelper:38][servers.size:1]
[INFO ][23:22:51,841][http-nio-8887-exec-6][ ][ ][ ][/getUserInfo][cn.sunline.edsp.traffic.ribbon.loadbalancer.helper.TrafficServerPriorityHelper:48][servers.size:1]
[INFO ][23:22:51,841][http-nio-8887-exec-6][ ][ ][ ][/getUserInfo][cn.sunline.edsp.traffic.ribbon.loadbalancer.helper.TrafficServerPriorityHelper:69][priorityMode: local]
[INFO ][23:22:51,842][http-nio-8887-exec-6][ ][ ][ ][/getUserInfo][cn.sunline.edsp.traffic.ribbon.loadbalancer.helper.TrafficServerPriorityHelper:73][masterServerIdc: null]
[INFO ][23:22:51,842][http-nio-8887-exec-6][ ][ ][ ][/getUserInfo][cn.sunline.edsp.traffic.ribbon.loadbalancer.helper.TrafficServerPriorityHelper:163][hostPort-10.22.4.69:10020|serverId-10.22.4.69:10020 : The data-center is not configured]
[INFO ][23:22:51,842][http-nio-8887-exec-6][ ][ ][ ][/getUserInfo][cn.sunline.edsp.traffic.ribbon.loadbalancer.helper.TrafficServerPriorityHelper:84][class cn.sunline.edsp.traffic.ribbon.loadbalancer.helper.TrafficServerPriorityHelper filter is over,servers.size: 1]
[DAREA][23:22:57,809][http-nio-8887-exec-6][ ][ ][ ][/getUserInfo][cn.sunline.adp.cedar.service.engine.handler.ServiceEngineHandlerProxy:53][[R]DA[SERVICE]-[hello.getUserInfo]-[Before]{input={name=hanxin}, comm_req={}, sys={}}]
[INFO ][23:22:59,415][http-nio-8887-exec-6][ ][ ][ ][/getUserInfo][cn.sunline.adp.cedar.protocol.rest.out.handler.RestTemplateRemoteInvokeHandler:82][Request path:http://service-adp2/testService/createName]
[INFO ][23:22:59,415][http-nio-8887-exec-6][ ][ ][ ][/getUserInfo][cn.sunline.adp.cedar.protocol.rest.out.handler.RestTemplateRemoteInvokeHandler:83][Request type[POST], dcnNo[dcn1].]
[INFO ][23:22:59,417][http-nio-8887-exec-6][ ][ ][ ][/getUserInfo][cn.sunline.edsp.traffic.ribbon.loadbalancer.helper.TrafficServerUnitHelper:38][servers.size:1]
[INFO ][23:22:59,418][http-nio-8887-exec-6][ ][ ][ ][/getUserInfo][cn.sunline.edsp.traffic.ribbon.loadbalancer.helper.TrafficServerUnitHelper:53][unit information is UnitInfo{unitId='dcn1', status=0, type='R', shardIds='s$->{1..10}', shardSumNum=0, shardIdList=[s1, s2, s3, s4, s5, s6, s7, s8, s9, s10], metadata={BACK_IDC_NODES=[{"idcId":"idc12"},{"idcId":"idc12"}], IDC_NODE={"idcId":"idc2"}, PRIORITY_MODE=master, REGION=SZ}, idcNode=IDCNode{idcId='idc2', proxyAddr='null', status='null'}, backUpIdcNodeList=[IDCNode{idcId='idc12', proxyAddr='null', status='null'}, IDCNode{idcId='idc12', proxyAddr='null', status='null'}]}]
[INFO ][23:22:59,418][http-nio-8887-exec-6][ ][ ][ ][/getUserInfo][cn.sunline.edsp.traffic.ribbon.loadbalancer.helper.TrafficServerPriorityHelper:48][servers.size:1]
[INFO ][23:22:59,419][http-nio-8887-exec-6][ ][ ][ ][/getUserInfo][cn.sunline.edsp.traffic.ribbon.loadbalancer.helper.TrafficServerPriorityHelper:69][priorityMode: master]
[INFO ][23:22:59,420][http-nio-8887-exec-6][ ][ ][ ][/getUserInfo][cn.sunline.edsp.traffic.ribbon.loadbalancer.helper.TrafficServerPriorityHelper:73][masterServerIdc: idc2]
[INFO ][23:22:59,421][http-nio-8887-exec-6][ ][ ][ ][/getUserInfo][cn.sunline.edsp.traffic.ribbon.loadbalancer.helper.TrafficServerPriorityHelper:84][class cn.sunline.edsp.traffic.ribbon.loadbalancer.helper.TrafficServerPriorityHelper filter is over,servers.size: 1]
[INFO ][23:22:59,824][http-nio-8887-exec-6][ ][ ][ ][/getUserInfo][cn.sunline.adp.cedar.protocol.rest.out.handler.RestRemoteServiceExecuteProtocolHandler:55][response info: ["{\"comm_res\":{},\"output\":{\"portone\":null,\"name\":\"hanxin\",\"porttwo\":\"8888\"},\"printer\":null,\"sys\":{\"erortx\":\"\\\\u4EA4\\\\u6613\\\\u6210\\\\u529F\",\"erorcd\":\"AAAAAAAAAA\",\"maxsubtransno\":\"\",\"profile\":{},\"pckgsq\":\"00000000\",\"status\":\"S\"}}"]]
[INFO ][23:32:29,420][http-nio-8887-exec-6][ ][ ][ ][/getUserInfo][cn.sunline.adp.cedar.flowtran.utils.FlowTranUtils$1:110][SERVICE[End][getUserInfo]]
[INFO ][23:32:41,363][http-nio-8887-exec-6][ ][ ][ ][/getUserInfo][cn.sunline.adp.cedar.engine.online.handler.last.OETDumpDebugInfoHandler:37][
Public run variable assignment
	Field mapping
<transaction start>
<transaction input interface data mapping>
	Field mapping
		name->name=hanxin
<transaction attribute interface data mapping>
	Field mapping
<transaction output interface data mapping>
	Field mapping
		name->name=null
		portone->portone=null
		porttwo->porttwo=null
Execution service id[getUserInfo] name[hello.getUserInfo]
	Field mapping
		name->name=hanxin
	[R] execution service: name[hello.getUserInfo]
<End of transaction>
<Common response variable output to data area>
	Field mapping
]
[INFO ][23:32:41,364][http-nio-8887-exec-6][ ][ ][ ][/getUserInfo][cn.sunline.adp.cedar.engine.online.handler.last.OETLogResponseHandler:31][RES[{sys={erortx=\u7CFB\u7EDF\u9519\u8BEF, pckgsq=00000000, erorcd=9999999999, status=F, maxsubtransno=}, comm_res={}, output={}, printer={}}]]
[INFO ][23:32:41,365][http-nio-8887-exec-6][ ][ ][ ][/getUserInfo][cn.sunline.adp.cedar.engine.online.handler.last.OETLogResponseHandler:45][
-------------------------transaction service[getUserInfo][null][19163512888222][19165312888222][] End-------------------------]
[WARN ][23:32:46,583][http-nio-8887-exec-4][ ][ ][ ][/getUserInfo][cn.sunline.adp.dao.datasource.conn.DefaultDBConnectionManager:415][The current connection has been executed beginTransaction, no need to repeat!]
[INFO ][23:32:46,584][http-nio-8887-exec-4][ ][ ][ ][/getUserInfo][cn.sunline.adp.core.reloader.ConfigReloaderFactory:133][The current thread starts to bind configuration parameters]
[INFO ][23:32:46,586][http-nio-8887-exec-4][ ][ ][ ][/getUserInfo][cn.sunline.adp.cedar.engine.online.handler.before.OETLogBeforeProcessHandler:44][
-------------------------transaction service[getUserInfo][null][19163512888222][19165312888222][] Start-------------------------]
[INFO ][23:32:46,586][http-nio-8887-exec-4][ ][ ][ ][/getUserInfo][cn.sunline.adp.cedar.engine.online.handler.before.OETLogBeforeProcessHandler:46][REQ[{output={}, input={name=hanxin, teleno=17867345555, certtype=P, certno=467192346449999, tranam=60000}, printer={}, comm_res={}, property={}, link_res={}, header={}, link_req={}, sys={servicecode=/getUserInfo, busiseqno=19163512888222, callseqno=19165312888222, profile={}}, comm_req={busi_seq=19163512888222, call_seq=19165312888222}}]]
[INFO ][23:35:51,162][http-nio-8887-exec-4][ ][ ][ ][/getUserInfo][cn.sunline.adp.cedar.flowtran.utils.FlowTranUtils$1:95][SERVICE[Begine][getUserInfo]]
[DAREA][23:35:51,163][http-nio-8887-exec-4][ ][ ][ ][/getUserInfo][cn.sunline.adp.cedar.flowtran.runtime.executor.FlowServiceNodeExecutor:73][[DA][FLOW][Input][Input{name=hanxin, prcsna=测试}]]
[DAREA][23:35:51,164][http-nio-8887-exec-4][ ][ ][ ][/getUserInfo][cn.sunline.adp.cedar.flowtran.runtime.executor.FlowServiceNodeExecutor:76][[DA][FLOW][Property][Property{name=hanxin, prcsna=测试}]]
[INFO ][23:35:51,174][http-nio-8887-exec-4][ ][ ][ ][/getUserInfo][cn.sunline.edsp.traffic.ribbon.loadbalancer.helper.TrafficServerUnitHelper:38][servers.size:1]
[INFO ][23:35:51,175][http-nio-8887-exec-4][ ][ ][ ][/getUserInfo][cn.sunline.edsp.traffic.ribbon.loadbalancer.helper.TrafficServerPriorityHelper:48][servers.size:1]
[INFO ][23:35:51,175][http-nio-8887-exec-4][ ][ ][ ][/getUserInfo][cn.sunline.edsp.traffic.ribbon.loadbalancer.helper.TrafficServerPriorityHelper:69][priorityMode: local]
[INFO ][23:35:51,176][http-nio-8887-exec-4][ ][ ][ ][/getUserInfo][cn.sunline.edsp.traffic.ribbon.loadbalancer.helper.TrafficServerPriorityHelper:73][masterServerIdc: null]
[INFO ][23:35:51,176][http-nio-8887-exec-4][ ][ ][ ][/getUserInfo][cn.sunline.edsp.traffic.ribbon.loadbalancer.helper.TrafficServerPriorityHelper:163][hostPort-10.22.4.69:10020|serverId-10.22.4.69:10020 : The data-center is not configured]
[INFO ][23:35:51,176][http-nio-8887-exec-4][ ][ ][ ][/getUserInfo][cn.sunline.edsp.traffic.ribbon.loadbalancer.helper.TrafficServerPriorityHelper:84][class cn.sunline.edsp.traffic.ribbon.loadbalancer.helper.TrafficServerPriorityHelper filter is over,servers.size: 1]
[DAREA][23:35:53,834][http-nio-8887-exec-4][ ][ ][ ][/getUserInfo][cn.sunline.adp.cedar.service.engine.handler.ServiceEngineHandlerProxy:53][[R]DA[SERVICE]-[hello.getUserInfo]-[Before]{input={name=hanxin}, comm_req={}, sys={}}]
[INFO ][23:35:56,067][http-nio-8887-exec-4][ ][ ][ ][/getUserInfo][cn.sunline.adp.cedar.protocol.rest.out.handler.RestTemplateRemoteInvokeHandler:82][Request path:http://service-adp2/testService/createName]
[INFO ][23:35:56,068][http-nio-8887-exec-4][ ][ ][ ][/getUserInfo][cn.sunline.adp.cedar.protocol.rest.out.handler.RestTemplateRemoteInvokeHandler:83][Request type[POST], dcnNo[dcn1].]
[INFO ][23:35:56,072][http-nio-8887-exec-4][ ][ ][ ][/getUserInfo][cn.sunline.edsp.traffic.ribbon.loadbalancer.helper.TrafficServerUnitHelper:38][servers.size:1]
[INFO ][23:35:56,074][http-nio-8887-exec-4][ ][ ][ ][/getUserInfo][cn.sunline.edsp.traffic.ribbon.loadbalancer.helper.TrafficServerUnitHelper:53][unit information is UnitInfo{unitId='dcn1', status=0, type='R', shardIds='s$->{1..10}', shardSumNum=0, shardIdList=[s1, s2, s3, s4, s5, s6, s7, s8, s9, s10], metadata={BACK_IDC_NODES=[{"idcId":"idc12"},{"idcId":"idc12"}], IDC_NODE={"idcId":"idc2"}, PRIORITY_MODE=master, REGION=SZ}, idcNode=IDCNode{idcId='idc2', proxyAddr='null', status='null'}, backUpIdcNodeList=[IDCNode{idcId='idc12', proxyAddr='null', status='null'}, IDCNode{idcId='idc12', proxyAddr='null', status='null'}]}]
[INFO ][23:35:56,075][http-nio-8887-exec-4][ ][ ][ ][/getUserInfo][cn.sunline.edsp.traffic.ribbon.loadbalancer.helper.TrafficServerPriorityHelper:48][servers.size:1]
[INFO ][23:35:56,076][http-nio-8887-exec-4][ ][ ][ ][/getUserInfo][cn.sunline.edsp.traffic.ribbon.loadbalancer.helper.TrafficServerPriorityHelper:69][priorityMode: master]
[INFO ][23:35:56,078][http-nio-8887-exec-4][ ][ ][ ][/getUserInfo][cn.sunline.edsp.traffic.ribbon.loadbalancer.helper.TrafficServerPriorityHelper:73][masterServerIdc: idc2]
[INFO ][23:35:56,079][http-nio-8887-exec-4][ ][ ][ ][/getUserInfo][cn.sunline.edsp.traffic.ribbon.loadbalancer.helper.TrafficServerPriorityHelper:84][class cn.sunline.edsp.traffic.ribbon.loadbalancer.helper.TrafficServerPriorityHelper filter is over,servers.size: 1]
[INFO ][23:35:56,366][http-nio-8887-exec-4][ ][ ][ ][/getUserInfo][cn.sunline.adp.cedar.protocol.rest.out.handler.RestRemoteServiceExecuteProtocolHandler:55][response info: ["{\"comm_res\":{},\"output\":{\"portone\":null,\"name\":\"hanxin\",\"porttwo\":\"8888\"},\"printer\":null,\"sys\":{\"erortx\":\"\\\\u4EA4\\\\u6613\\\\u6210\\\\u529F\",\"erorcd\":\"AAAAAAAAAA\",\"maxsubtransno\":\"\",\"profile\":{},\"pckgsq\":\"00000000\",\"status\":\"S\"}}"]]
[INFO ][23:38:50,659][http-nio-8887-exec-4][ ][ ][ ][/getUserInfo][cn.sunline.adp.cedar.flowtran.utils.FlowTranUtils$1:110][SERVICE[End][getUserInfo]]
[INFO ][23:38:51,976][http-nio-8887-exec-4][ ][ ][ ][/getUserInfo][cn.sunline.adp.cedar.engine.online.handler.last.OETDumpDebugInfoHandler:37][
Public run variable assignment
	Field mapping
<transaction start>
<transaction input interface data mapping>
	Field mapping
		name->name=hanxin
<transaction attribute interface data mapping>
	Field mapping
<transaction output interface data mapping>
	Field mapping
		name->name=null
		portone->portone=null
		porttwo->porttwo=null
Execution service id[getUserInfo] name[hello.getUserInfo]
	Field mapping
		name->name=hanxin
	[R] execution service: name[hello.getUserInfo]
<End of transaction>
<Common response variable output to data area>
	Field mapping
]
[INFO ][23:38:51,977][http-nio-8887-exec-4][ ][ ][ ][/getUserInfo][cn.sunline.adp.cedar.engine.online.handler.last.OETLogResponseHandler:31][RES[{sys={erortx=\u7CFB\u7EDF\u9519\u8BEF, pckgsq=00000000, erorcd=9999999999, status=F, maxsubtransno=}, comm_res={}, output={}, printer={}}]]
[INFO ][23:38:51,977][http-nio-8887-exec-4][ ][ ][ ][/getUserInfo][cn.sunline.adp.cedar.engine.online.handler.last.OETLogResponseHandler:45][
-------------------------transaction service[getUserInfo][null][19163512888222][19165312888222][] End-------------------------]
