[WARN ] [16:38:52,896][main][ ][ ][ ][ ][ ][cn.sunline.adp.metadata.mybatis.MyBatisSqlProcessor:488][The current time spent executing sql [548] exceeds the slow sql time threshold [100], [FRWDB]SQL[KSysOnlTable.tsp_table_control.Entity.selectAll][null][0-10000]RowCount=0]
[WARN ] [16:38:53,213][main][ ][ ][ ][ ][ ][cn.sunline.adp.metadata.mybatis.MyBatisSqlProcessor:488][The current time spent executing sql [305] exceeds the slow sql time threshold [100], [FRWDB]SQL[KSysOnlTable.tsp_param_version_info.Entity.selectByIndex_odb1][{param_code=*}][0-10000]RowCount=0]
[WARN ] [16:38:55,624][main][ ][ ][ ][ ][ ][cn.sunline.adp.metadata.mybatis.MyBatisSqlProcessor:488][The current time spent executing sql [158] exceeds the slow sql time threshold [100], [FRWDB]SQL[ServerTable.tsp_service_control.Entity.selectByIndex_odb2][{sub_system_code=demo, system_code=core}][0-10000]RowCount=2]
[WARN ] [16:51:49,956][main][ ][ ][ ][ ][ ][cn.sunline.adp.metadata.mybatis.MyBatisSqlProcessor:488][The current time spent executing sql [650] exceeds the slow sql time threshold [100], [FRWDB]SQL[KSysOnlTable.tsp_table_control.Entity.selectAll][null][0-10000]RowCount=0]
[WARN ] [16:51:51,916][main][ ][ ][ ][ ][ ][cn.sunline.adp.metadata.mybatis.MyBatisSqlProcessor:488][The current time spent executing sql [110] exceeds the slow sql time threshold [100], [FRWDB]SQL[ServerTable.tsp_service_control.Entity.selectByIndex_odb2][{sub_system_code=demo, system_code=core}][0-10000]RowCount=2]
[WARN ] [16:55:36,011][main][ ][ ][ ][ ][ ][cn.sunline.adp.metadata.mybatis.MyBatisSqlProcessor:488][The current time spent executing sql [706] exceeds the slow sql time threshold [100], [FRWDB]SQL[KSysOnlTable.tsp_table_control.Entity.selectAll][null][0-10000]RowCount=0]
[WARN ] [16:55:38,402][main][ ][ ][ ][ ][ ][cn.sunline.adp.metadata.mybatis.MyBatisSqlProcessor:488][The current time spent executing sql [107] exceeds the slow sql time threshold [100], [FRWDB]SQL[ServerTable.tsp_service_control.Entity.selectByIndex_odb2][{sub_system_code=demo, system_code=coreA}][0-10000]RowCount=1]
[WARN ] [16:56:58,364][main][ ][ ][ ][ ][ ][cn.sunline.adp.metadata.mybatis.MyBatisSqlProcessor:488][The current time spent executing sql [552] exceeds the slow sql time threshold [100], [FRWDB]SQL[KSysOnlTable.tsp_table_control.Entity.selectAll][null][0-10000]RowCount=0]
[WARN ] [16:58:38,291][main][ ][ ][ ][ ][ ][cn.sunline.adp.metadata.mybatis.MyBatisSqlProcessor:488][The current time spent executing sql [633] exceeds the slow sql time threshold [100], [FRWDB]SQL[KSysOnlTable.tsp_table_control.Entity.selectAll][null][0-10000]RowCount=0]
[WARN ] [16:58:40,408][main][ ][ ][ ][ ][ ][cn.sunline.adp.metadata.mybatis.MyBatisSqlProcessor:488][The current time spent executing sql [130] exceeds the slow sql time threshold [100], [FRWDB]SQL[ServerTable.tsp_service_control.Entity.selectByIndex_odb2][{sub_system_code=demo, system_code=coreA}][0-10000]RowCount=1]
[WARN ] [17:01:31,410][main][ ][ ][ ][ ][ ][cn.sunline.adp.metadata.mybatis.MyBatisSqlProcessor:488][The current time spent executing sql [525] exceeds the slow sql time threshold [100], [FRWDB]SQL[KSysOnlTable.tsp_table_control.Entity.selectAll][null][0-10000]RowCount=0]
[WARN ] [17:01:33,368][main][ ][ ][ ][ ][ ][cn.sunline.adp.metadata.mybatis.MyBatisSqlProcessor:488][The current time spent executing sql [182] exceeds the slow sql time threshold [100], [FRWDB]SQL[ServerTable.tsp_service_control.Entity.selectByIndex_odb2][{sub_system_code=demo, system_code=coreA}][0-10000]RowCount=1]
[WARN ] [17:05:13,982][main][ ][ ][ ][ ][ ][cn.sunline.adp.metadata.mybatis.MyBatisSqlProcessor:488][The current time spent executing sql [537] exceeds the slow sql time threshold [100], [FRWDB]SQL[KSysOnlTable.tsp_table_control.Entity.selectAll][null][0-10000]RowCount=0]
[WARN ] [17:05:15,760][main][ ][ ][ ][ ][ ][cn.sunline.adp.metadata.mybatis.MyBatisSqlProcessor:488][The current time spent executing sql [126] exceeds the slow sql time threshold [100], [FRWDB]SQL[ServerTable.tsp_service_control.Entity.selectByIndex_odb2][{sub_system_code=demo, system_code=coreA}][0-10000]RowCount=1]
[WARN ] [17:33:29,681][main][ ][ ][ ][ ][ ][cn.sunline.adp.metadata.mybatis.MyBatisSqlProcessor:488][The current time spent executing sql [573] exceeds the slow sql time threshold [100], [FRWDB]SQL[KSysOnlTable.tsp_table_control.Entity.selectAll][null][0-10000]RowCount=0]
[WARN ] [17:33:31,761][main][ ][ ][ ][ ][ ][cn.sunline.adp.metadata.mybatis.MyBatisSqlProcessor:488][The current time spent executing sql [106] exceeds the slow sql time threshold [100], [FRWDB]SQL[ServerTable.tsp_service_control.Entity.selectByIndex_odb2][{sub_system_code=demo, system_code=coreA}][0-10000]RowCount=1]
[WARN ] [17:38:07,678][main][ ][ ][ ][ ][ ][cn.sunline.adp.metadata.mybatis.MyBatisSqlProcessor:488][The current time spent executing sql [843] exceeds the slow sql time threshold [100], [FRWDB]SQL[KSysOnlTable.tsp_table_control.Entity.selectAll][null][0-10000]RowCount=0]
[WARN ] [17:38:09,894][main][ ][ ][ ][ ][ ][cn.sunline.adp.metadata.mybatis.MyBatisSqlProcessor:488][The current time spent executing sql [105] exceeds the slow sql time threshold [100], [FRWDB]SQL[ServerTable.tsp_service_control.Entity.selectByIndex_odb2][{sub_system_code=demo, system_code=coreA}][0-10000]RowCount=1]
[WARN ] [17:42:07,556][main][ ][ ][ ][ ][ ][cn.sunline.adp.metadata.mybatis.MyBatisSqlProcessor:488][The current time spent executing sql [743] exceeds the slow sql time threshold [100], [FRWDB]SQL[KSysOnlTable.tsp_table_control.Entity.selectAll][null][0-10000]RowCount=0]
[WARN ] [17:42:09,463][main][ ][ ][ ][ ][ ][cn.sunline.adp.metadata.mybatis.MyBatisSqlProcessor:488][The current time spent executing sql [125] exceeds the slow sql time threshold [100], [FRWDB]SQL[ServerTable.tsp_service_control.Entity.selectByIndex_odb2][{sub_system_code=demo, system_code=coreA}][0-10000]RowCount=1]
[WARN ] [17:49:57,719][main][ ][ ][ ][ ][ ][cn.sunline.adp.metadata.mybatis.MyBatisSqlProcessor:488][The current time spent executing sql [737] exceeds the slow sql time threshold [100], [FRWDB]SQL[KSysOnlTable.tsp_table_control.Entity.selectAll][null][0-10000]RowCount=0]
[WARN ] [17:49:59,723][main][ ][ ][ ][ ][ ][cn.sunline.adp.metadata.mybatis.MyBatisSqlProcessor:488][The current time spent executing sql [109] exceeds the slow sql time threshold [100], [FRWDB]SQL[ServerTable.tsp_service_control.Entity.selectByIndex_odb2][{sub_system_code=demo, system_code=coreA}][0-10000]RowCount=1]
[WARN ] [17:53:44,498][main][ ][ ][ ][ ][ ][cn.sunline.adp.metadata.mybatis.MyBatisSqlProcessor:488][The current time spent executing sql [508] exceeds the slow sql time threshold [100], [FRWDB]SQL[KSysOnlTable.tsp_table_control.Entity.selectAll][null][0-10000]RowCount=0]
[WARN ] [17:53:46,318][main][ ][ ][ ][ ][ ][cn.sunline.adp.metadata.mybatis.MyBatisSqlProcessor:488][The current time spent executing sql [130] exceeds the slow sql time threshold [100], [FRWDB]SQL[ServerTable.tsp_service_control.Entity.selectByIndex_odb2][{sub_system_code=demo, system_code=coreA}][0-10000]RowCount=1]
[WARN ] [17:55:51,808][main][ ][ ][ ][ ][ ][cn.sunline.adp.metadata.mybatis.MyBatisSqlProcessor:488][The current time spent executing sql [782] exceeds the slow sql time threshold [100], [FRWDB]SQL[KSysOnlTable.tsp_table_control.Entity.selectAll][null][0-10000]RowCount=0]
[WARN ] [18:18:50,002][main][ ][ ][ ][ ][ ][cn.sunline.adp.metadata.mybatis.MyBatisSqlProcessor:488][The current time spent executing sql [705] exceeds the slow sql time threshold [100], [FRWDB]SQL[KSysOnlTable.tsp_table_control.Entity.selectAll][null][0-10000]RowCount=0]
[WARN ] [18:18:51,946][main][ ][ ][ ][ ][ ][cn.sunline.adp.metadata.mybatis.MyBatisSqlProcessor:488][The current time spent executing sql [111] exceeds the slow sql time threshold [100], [FRWDB]SQL[ServerTable.tsp_service_control.Entity.selectByIndex_odb2][{sub_system_code=demo, system_code=coreA}][0-10000]RowCount=1]
[WARN ] [18:34:47,364][main][ ][ ][ ][ ][ ][cn.sunline.adp.metadata.mybatis.MyBatisSqlProcessor:488][The current time spent executing sql [1000] exceeds the slow sql time threshold [100], [FRWDB]SQL[KSysOnlTable.tsp_table_control.Entity.selectAll][null][0-10000]RowCount=0]
[WARN ] [18:34:47,530][main][ ][ ][ ][ ][ ][cn.sunline.adp.metadata.mybatis.MyBatisSqlProcessor:488][The current time spent executing sql [152] exceeds the slow sql time threshold [100], [FRWDB]SQL[KSysOnlTable.tsp_param_version_info.Entity.selectByIndex_odb1][{param_code=*}][0-10000]RowCount=0]
[WARN ] [18:34:51,439][main][ ][ ][ ][ ][ ][cn.sunline.adp.metadata.mybatis.MyBatisSqlProcessor:488][The current time spent executing sql [130] exceeds the slow sql time threshold [100], [FRWDB]SQL[ServerTable.tsp_service_control.Entity.selectByIndex_odb2][{sub_system_code=demo, system_code=coreA}][0-10000]RowCount=1]
[WARN ] [18:45:00,155][main][ ][ ][ ][ ][ ][cn.sunline.adp.metadata.mybatis.MyBatisSqlProcessor:488][The current time spent executing sql [716] exceeds the slow sql time threshold [100], [FRWDB]SQL[KSysOnlTable.tsp_table_control.Entity.selectAll][null][0-10000]RowCount=0]
[WARN ] [18:45:02,096][main][ ][ ][ ][ ][ ][cn.sunline.adp.metadata.mybatis.MyBatisSqlProcessor:488][The current time spent executing sql [101] exceeds the slow sql time threshold [100], [FRWDB]SQL[ServerTable.tsp_service_control.Entity.selectByIndex_odb2][{sub_system_code=demo, system_code=coreA}][0-10000]RowCount=1]
[WARN ] [19:13:27,458][main][ ][ ][ ][ ][ ][cn.sunline.adp.metadata.mybatis.MyBatisSqlProcessor:488][The current time spent executing sql [946] exceeds the slow sql time threshold [100], [FRWDB]SQL[KSysOnlTable.tsp_table_control.Entity.selectAll][null][0-10000]RowCount=0]
[WARN ] [19:13:27,585][main][ ][ ][ ][ ][ ][cn.sunline.adp.metadata.mybatis.MyBatisSqlProcessor:488][The current time spent executing sql [116] exceeds the slow sql time threshold [100], [FRWDB]SQL[KSysOnlTable.tsp_param_version_info.Entity.selectByIndex_odb1][{param_code=*}][0-10000]RowCount=0]
[WARN ] [19:13:30,149][main][ ][ ][ ][ ][ ][cn.sunline.adp.metadata.mybatis.MyBatisSqlProcessor:488][The current time spent executing sql [123] exceeds the slow sql time threshold [100], [FRWDB]SQL[ServerTable.tsp_service_control.Entity.selectByIndex_odb2][{sub_system_code=demo, system_code=coreA}][0-10000]RowCount=1]
[WARN ] [19:24:17,023][main][ ][ ][ ][ ][ ][cn.sunline.adp.metadata.mybatis.MyBatisSqlProcessor:488][The current time spent executing sql [1176] exceeds the slow sql time threshold [100], [FRWDB]SQL[KSysOnlTable.tsp_table_control.Entity.selectAll][null][0-10000]RowCount=0]
[WARN ] [19:24:17,174][main][ ][ ][ ][ ][ ][cn.sunline.adp.metadata.mybatis.MyBatisSqlProcessor:488][The current time spent executing sql [138] exceeds the slow sql time threshold [100], [FRWDB]SQL[KSysOnlTable.tsp_param_version_info.Entity.selectByIndex_odb1][{param_code=*}][0-10000]RowCount=0]
[WARN ] [19:24:20,759][main][ ][ ][ ][ ][ ][cn.sunline.adp.metadata.mybatis.MyBatisSqlProcessor:488][The current time spent executing sql [147] exceeds the slow sql time threshold [100], [FRWDB]SQL[ServerTable.tsp_service_control.Entity.selectByIndex_odb2][{sub_system_code=demo, system_code=coreA}][0-10000]RowCount=1]
[WARN ] [19:29:13,844][main][ ][ ][ ][ ][ ][cn.sunline.adp.metadata.mybatis.MyBatisSqlProcessor:488][The current time spent executing sql [1072] exceeds the slow sql time threshold [100], [FRWDB]SQL[KSysOnlTable.tsp_table_control.Entity.selectAll][null][0-10000]RowCount=0]
[WARN ] [19:29:13,977][main][ ][ ][ ][ ][ ][cn.sunline.adp.metadata.mybatis.MyBatisSqlProcessor:488][The current time spent executing sql [118] exceeds the slow sql time threshold [100], [FRWDB]SQL[KSysOnlTable.tsp_param_version_info.Entity.selectByIndex_odb1][{param_code=*}][0-10000]RowCount=0]
[WARN ] [19:29:17,382][main][ ][ ][ ][ ][ ][cn.sunline.adp.metadata.mybatis.MyBatisSqlProcessor:488][The current time spent executing sql [195] exceeds the slow sql time threshold [100], [FRWDB]SQL[ServerTable.tsp_service_control.Entity.selectByIndex_odb2][{sub_system_code=demo, system_code=coreA}][0-10000]RowCount=1]
[WARN ] [19:34:45,482][main][ ][ ][ ][ ][ ][cn.sunline.adp.metadata.mybatis.MyBatisSqlProcessor:488][The current time spent executing sql [755] exceeds the slow sql time threshold [100], [FRWDB]SQL[KSysOnlTable.tsp_table_control.Entity.selectAll][null][0-10000]RowCount=0]
[WARN ] [19:34:47,524][main][ ][ ][ ][ ][ ][cn.sunline.adp.metadata.mybatis.MyBatisSqlProcessor:488][The current time spent executing sql [119] exceeds the slow sql time threshold [100], [FRWDB]SQL[ServerTable.tsp_service_control.Entity.selectByIndex_odb2][{sub_system_code=demo, system_code=coreA}][0-10000]RowCount=1]
[WARN ] [19:34:58,710][main][ ][ ][ ][ ][ ][cn.sunline.adp.metadata.mybatis.MyBatisSqlProcessor:488][The current time spent executing sql [151] exceeds the slow sql time threshold [100], [FRWDB]SQL[ServerOnlineTable.tsp_service_in.Entity.selectByIndex_odb1][{sub_system_code=demo, is_enable=1, system_code=coreA}][0-10000]RowCount=3]
[WARN ] [19:39:24,284][main][ ][ ][ ][ ][ ][cn.sunline.adp.metadata.mybatis.MyBatisSqlProcessor:488][The current time spent executing sql [709] exceeds the slow sql time threshold [100], [FRWDB]SQL[KSysOnlTable.tsp_table_control.Entity.selectAll][null][0-10000]RowCount=0]
[WARN ] [19:43:36,403][main][ ][ ][ ][ ][ ][cn.sunline.adp.metadata.mybatis.MyBatisSqlProcessor:488][The current time spent executing sql [615] exceeds the slow sql time threshold [100], [FRWDB]SQL[KSysOnlTable.tsp_table_control.Entity.selectAll][null][0-10000]RowCount=0]
[WARN ] [19:43:38,429][main][ ][ ][ ][ ][ ][cn.sunline.adp.metadata.mybatis.MyBatisSqlProcessor:488][The current time spent executing sql [102] exceeds the slow sql time threshold [100], [FRWDB]SQL[ServerTable.tsp_service_control.Entity.selectByIndex_odb2][{sub_system_code=demo, system_code=coreA}][0-10000]RowCount=1]
[WARN ] [19:48:05,609][main][ ][ ][ ][ ][ ][cn.sunline.adp.metadata.mybatis.MyBatisSqlProcessor:488][The current time spent executing sql [660] exceeds the slow sql time threshold [100], [FRWDB]SQL[KSysOnlTable.tsp_table_control.Entity.selectAll][null][0-10000]RowCount=0]
[WARN ] [19:48:05,728][main][ ][ ][ ][ ][ ][cn.sunline.adp.metadata.mybatis.MyBatisSqlProcessor:488][The current time spent executing sql [103] exceeds the slow sql time threshold [100], [FRWDB]SQL[KSysOnlTable.tsp_param_version_info.Entity.selectByIndex_odb1][{param_code=*}][0-10000]RowCount=0]
[WARN ] [19:48:08,346][main][ ][ ][ ][ ][ ][cn.sunline.adp.metadata.mybatis.MyBatisSqlProcessor:488][The current time spent executing sql [274] exceeds the slow sql time threshold [100], [FRWDB]SQL[RemoteServiceTable.tsp_service_out.Entity.selectByIndex_odb2][{sub_system_code=demo, system_code=coreA}][0-10000]RowCount=2]
[WARN ] [19:54:39,165][main][ ][ ][ ][ ][ ][cn.sunline.adp.metadata.mybatis.MyBatisSqlProcessor:488][The current time spent executing sql [635] exceeds the slow sql time threshold [100], [FRWDB]SQL[KSysOnlTable.tsp_table_control.Entity.selectAll][null][0-10000]RowCount=0]
[WARN ] [19:54:39,278][main][ ][ ][ ][ ][ ][cn.sunline.adp.metadata.mybatis.MyBatisSqlProcessor:488][The current time spent executing sql [101] exceeds the slow sql time threshold [100], [FRWDB]SQL[KSysOnlTable.tsp_param_version_info.Entity.selectByIndex_odb1][{param_code=*}][0-10000]RowCount=0]
[WARN ] [19:54:41,376][main][ ][ ][ ][ ][ ][cn.sunline.adp.metadata.mybatis.MyBatisSqlProcessor:488][The current time spent executing sql [163] exceeds the slow sql time threshold [100], [FRWDB]SQL[RemoteServiceTable.tsp_service_out.Entity.selectByIndex_odb2][{sub_system_code=demo, system_code=coreA}][0-10000]RowCount=2]
